{"/home/Yas/Desktop/PAW/WEB/funzionante to-enhance-paw-print_-pet-finder-ai/App.tsx": {"path":"/home/Yas/Desktop/PAW/WEB/funzionante to-enhance-paw-print_-pet-finder-ai/App.tsx","statementMap":{"0":{"start":{"line":21,"column":6},"end":{"line":21,"column":null}},"1":{"start":{"line":21,"column":39},"end":{"line":21,"column":null}},"2":{"start":{"line":21,"column":95},"end":{"line":21,"column":null}},"3":{"start":{"line":24,"column":6},"end":{"line":24,"column":null}},"4":{"start":{"line":24,"column":31},"end":{"line":24,"column":null}},"5":{"start":{"line":24,"column":87},"end":{"line":24,"column":null}},"6":{"start":{"line":25,"column":6},"end":{"line":25,"column":null}},"7":{"start":{"line":25,"column":29},"end":{"line":25,"column":null}},"8":{"start":{"line":25,"column":83},"end":{"line":25,"column":null}},"9":{"start":{"line":26,"column":6},"end":{"line":26,"column":null}},"10":{"start":{"line":26,"column":33},"end":{"line":26,"column":null}},"11":{"start":{"line":26,"column":91},"end":{"line":26,"column":null}},"12":{"start":{"line":27,"column":6},"end":{"line":27,"column":null}},"13":{"start":{"line":27,"column":30},"end":{"line":27,"column":null}},"14":{"start":{"line":27,"column":85},"end":{"line":27,"column":null}},"15":{"start":{"line":28,"column":6},"end":{"line":28,"column":null}},"16":{"start":{"line":28,"column":32},"end":{"line":28,"column":null}},"17":{"start":{"line":28,"column":89},"end":{"line":28,"column":null}},"18":{"start":{"line":36,"column":19},"end":{"line":50,"column":null}},"19":{"start":{"line":37,"column":20},"end":{"line":37,"column":null}},"20":{"start":{"line":39,"column":4},"end":{"line":48,"column":null}},"21":{"start":{"line":53,"column":38},"end":{"line":53,"column":null}},"22":{"start":{"line":54,"column":46},"end":{"line":54,"column":null}},"23":{"start":{"line":55,"column":36},"end":{"line":55,"column":null}},"24":{"start":{"line":56,"column":42},"end":{"line":56,"column":null}},"25":{"start":{"line":57,"column":48},"end":{"line":57,"column":null}},"26":{"start":{"line":59,"column":4},"end":{"line":67,"column":null}},"27":{"start":{"line":61,"column":27},"end":{"line":65,"column":null}},"28":{"start":{"line":62,"column":12},"end":{"line":64,"column":null}},"29":{"start":{"line":63,"column":16},"end":{"line":63,"column":null}},"30":{"start":{"line":66,"column":8},"end":{"line":66,"column":null}},"31":{"start":{"line":69,"column":24},"end":{"line":69,"column":null}},"32":{"start":{"line":70,"column":14},"end":{"line":70,"column":null}},"33":{"start":{"line":71,"column":40},"end":{"line":71,"column":null}},"34":{"start":{"line":75,"column":4},"end":{"line":75,"column":null}},"35":{"start":{"line":77,"column":40},"end":{"line":77,"column":null}},"36":{"start":{"line":78,"column":36},"end":{"line":78,"column":null}},"37":{"start":{"line":79,"column":50},"end":{"line":79,"column":null}},"38":{"start":{"line":80,"column":44},"end":{"line":80,"column":null}},"39":{"start":{"line":81,"column":34},"end":{"line":81,"column":null}},"40":{"start":{"line":82,"column":50},"end":{"line":82,"column":null}},"41":{"start":{"line":84,"column":21},"end":{"line":84,"column":null}},"42":{"start":{"line":84,"column":41},"end":{"line":84,"column":49}},"43":{"start":{"line":85,"column":28},"end":{"line":85,"column":null}},"44":{"start":{"line":85,"column":48},"end":{"line":85,"column":74}},"45":{"start":{"line":87,"column":4},"end":{"line":89,"column":null}},"46":{"start":{"line":88,"column":8},"end":{"line":88,"column":null}},"47":{"start":{"line":88,"column":25},"end":{"line":88,"column":47}},"48":{"start":{"line":91,"column":4},"end":{"line":95,"column":null}},"49":{"start":{"line":92,"column":24},"end":{"line":92,"column":null}},"50":{"start":{"line":92,"column":30},"end":{"line":92,"column":null}},"51":{"start":{"line":93,"column":8},"end":{"line":93,"column":null}},"52":{"start":{"line":94,"column":8},"end":{"line":94,"column":null}},"53":{"start":{"line":94,"column":21},"end":{"line":94,"column":null}},"54":{"start":{"line":97,"column":25},"end":{"line":102,"column":null}},"55":{"start":{"line":98,"column":8},"end":{"line":98,"column":null}},"56":{"start":{"line":99,"column":8},"end":{"line":99,"column":null}},"57":{"start":{"line":100,"column":8},"end":{"line":100,"column":null}},"58":{"start":{"line":101,"column":8},"end":{"line":101,"column":null}},"59":{"start":{"line":104,"column":30},"end":{"line":118,"column":null}},"60":{"start":{"line":105,"column":8},"end":{"line":117,"column":null}},"61":{"start":{"line":106,"column":12},"end":{"line":106,"column":null}},"62":{"start":{"line":107,"column":12},"end":{"line":107,"column":null}},"63":{"start":{"line":108,"column":12},"end":{"line":108,"column":null}},"64":{"start":{"line":109,"column":12},"end":{"line":109,"column":null}},"65":{"start":{"line":112,"column":29},"end":{"line":112,"column":null}},"66":{"start":{"line":113,"column":12},"end":{"line":113,"column":null}},"67":{"start":{"line":115,"column":12},"end":{"line":115,"column":null}},"68":{"start":{"line":116,"column":12},"end":{"line":116,"column":null}},"69":{"start":{"line":120,"column":28},"end":{"line":144,"column":null}},"70":{"start":{"line":121,"column":8},"end":{"line":121,"column":null}},"71":{"start":{"line":121,"column":26},"end":{"line":121,"column":null}},"72":{"start":{"line":122,"column":26},"end":{"line":122,"column":null}},"73":{"start":{"line":125,"column":32},"end":{"line":125,"column":null}},"74":{"start":{"line":125,"column":55},"end":{"line":125,"column":73}},"75":{"start":{"line":126,"column":25},"end":{"line":126,"column":null}},"76":{"start":{"line":128,"column":8},"end":{"line":136,"column":null}},"77":{"start":{"line":129,"column":29},"end":{"line":129,"column":null}},"78":{"start":{"line":130,"column":18},"end":{"line":130,"column":null}},"79":{"start":{"line":131,"column":12},"end":{"line":135,"column":null}},"80":{"start":{"line":138,"column":40},"end":{"line":141,"column":null}},"81":{"start":{"line":142,"column":8},"end":{"line":142,"column":null}},"82":{"start":{"line":143,"column":8},"end":{"line":143,"column":null}},"83":{"start":{"line":146,"column":4},"end":{"line":152,"column":null}},"84":{"start":{"line":147,"column":30},"end":{"line":149,"column":null}},"85":{"start":{"line":148,"column":12},"end":{"line":148,"column":null}},"86":{"start":{"line":148,"column":59},"end":{"line":148,"column":null}},"87":{"start":{"line":150,"column":8},"end":{"line":150,"column":null}},"88":{"start":{"line":151,"column":8},"end":{"line":151,"column":null}},"89":{"start":{"line":151,"column":21},"end":{"line":151,"column":null}},"90":{"start":{"line":154,"column":23},"end":{"line":284,"column":null}},"91":{"start":{"line":155,"column":8},"end":{"line":155,"column":null}},"92":{"start":{"line":155,"column":42},"end":{"line":155,"column":null}},"93":{"start":{"line":155,"column":103},"end":{"line":155,"column":128}},"94":{"start":{"line":157,"column":8},"end":{"line":172,"column":null}},"95":{"start":{"line":158,"column":12},"end":{"line":170,"column":null}},"96":{"start":{"line":174,"column":8},"end":{"line":208,"column":null}},"97":{"start":{"line":175,"column":12},"end":{"line":177,"column":null}},"98":{"start":{"line":176,"column":16},"end":{"line":176,"column":null}},"99":{"start":{"line":176,"column":73},"end":{"line":176,"column":102}},"100":{"start":{"line":178,"column":12},"end":{"line":180,"column":null}},"101":{"start":{"line":179,"column":16},"end":{"line":179,"column":null}},"102":{"start":{"line":179,"column":73},"end":{"line":179,"column":102}},"103":{"start":{"line":182,"column":12},"end":{"line":206,"column":null}},"104":{"start":{"line":190,"column":43},"end":{"line":190,"column":null}},"105":{"start":{"line":190,"column":62},"end":{"line":190,"column":75}},"106":{"start":{"line":191,"column":24},"end":{"line":191,"column":null}},"107":{"start":{"line":192,"column":24},"end":{"line":197,"column":null}},"108":{"start":{"line":198,"column":24},"end":{"line":198,"column":null}},"109":{"start":{"line":203,"column":24},"end":{"line":203,"column":null}},"110":{"start":{"line":204,"column":24},"end":{"line":204,"column":null}},"111":{"start":{"line":210,"column":8},"end":{"line":231,"column":null}},"112":{"start":{"line":211,"column":12},"end":{"line":229,"column":null}},"113":{"start":{"line":233,"column":8},"end":{"line":255,"column":null}},"114":{"start":{"line":234,"column":12},"end":{"line":253,"column":null}},"115":{"start":{"line":250,"column":40},"end":{"line":250,"column":null}},"116":{"start":{"line":250,"column":84},"end":{"line":250,"column":95}},"117":{"start":{"line":257,"column":8},"end":{"line":282,"column":null}},"118":{"start":{"line":286,"column":4},"end":{"line":367,"column":null}},"119":{"start":{"line":294,"column":36},"end":{"line":294,"column":null}},"120":{"start":{"line":331,"column":40},"end":{"line":331,"column":null}},"121":{"start":{"line":337,"column":54},"end":{"line":337,"column":81}},"122":{"start":{"line":337,"column":81},"end":{"line":337,"column":108}},"123":{"start":{"line":339,"column":35},"end":{"line":339,"column":null}},"124":{"start":{"line":347,"column":35},"end":{"line":347,"column":null}},"125":{"start":{"line":354,"column":35},"end":{"line":354,"column":null}},"126":{"start":{"line":355,"column":47},"end":{"line":355,"column":null}},"127":{"start":{"line":355,"column":88},"end":{"line":355,"column":99}},"128":{"start":{"line":355,"column":140},"end":{"line":355,"column":151}},"129":{"start":{"line":356,"column":47},"end":{"line":356,"column":75}},"130":{"start":{"line":361,"column":175},"end":{"line":361,"column":null}},"131":{"start":{"line":362,"column":39},"end":{"line":362,"column":60}},"132":{"start":{"line":363,"column":58},"end":{"line":363,"column":86}}},"fnMap":{"0":{"name":"(anonymous_0)","decl":{"start":{"line":21,"column":33},"end":{"line":21,"column":39}},"loc":{"start":{"line":21,"column":39},"end":{"line":21,"column":null}},"line":21},"1":{"name":"(anonymous_1)","decl":{"start":{"line":21,"column":87},"end":{"line":21,"column":93}},"loc":{"start":{"line":21,"column":95},"end":{"line":21,"column":null}},"line":21},"2":{"name":"(anonymous_2)","decl":{"start":{"line":24,"column":25},"end":{"line":24,"column":31}},"loc":{"start":{"line":24,"column":31},"end":{"line":24,"column":null}},"line":24},"3":{"name":"(anonymous_3)","decl":{"start":{"line":24,"column":79},"end":{"line":24,"column":85}},"loc":{"start":{"line":24,"column":87},"end":{"line":24,"column":null}},"line":24},"4":{"name":"(anonymous_4)","decl":{"start":{"line":25,"column":23},"end":{"line":25,"column":29}},"loc":{"start":{"line":25,"column":29},"end":{"line":25,"column":null}},"line":25},"5":{"name":"(anonymous_5)","decl":{"start":{"line":25,"column":75},"end":{"line":25,"column":81}},"loc":{"start":{"line":25,"column":83},"end":{"line":25,"column":null}},"line":25},"6":{"name":"(anonymous_6)","decl":{"start":{"line":26,"column":27},"end":{"line":26,"column":33}},"loc":{"start":{"line":26,"column":33},"end":{"line":26,"column":null}},"line":26},"7":{"name":"(anonymous_7)","decl":{"start":{"line":26,"column":83},"end":{"line":26,"column":89}},"loc":{"start":{"line":26,"column":91},"end":{"line":26,"column":null}},"line":26},"8":{"name":"(anonymous_8)","decl":{"start":{"line":27,"column":24},"end":{"line":27,"column":30}},"loc":{"start":{"line":27,"column":30},"end":{"line":27,"column":null}},"line":27},"9":{"name":"(anonymous_9)","decl":{"start":{"line":27,"column":77},"end":{"line":27,"column":83}},"loc":{"start":{"line":27,"column":85},"end":{"line":27,"column":null}},"line":27},"10":{"name":"(anonymous_10)","decl":{"start":{"line":28,"column":26},"end":{"line":28,"column":32}},"loc":{"start":{"line":28,"column":32},"end":{"line":28,"column":null}},"line":28},"11":{"name":"(anonymous_11)","decl":{"start":{"line":28,"column":81},"end":{"line":28,"column":87}},"loc":{"start":{"line":28,"column":89},"end":{"line":28,"column":null}},"line":28},"12":{"name":"(anonymous_12)","decl":{"start":{"line":36,"column":19},"end":{"line":36,"column":25}},"loc":{"start":{"line":36,"column":25},"end":{"line":50,"column":null}},"line":36},"13":{"name":"App","decl":{"start":{"line":52,"column":24},"end":{"line":52,"column":30}},"loc":{"start":{"line":52,"column":30},"end":{"line":369,"column":null}},"line":52},"14":{"name":"(anonymous_14)","decl":{"start":{"line":59,"column":14},"end":{"line":59,"column":20}},"loc":{"start":{"line":59,"column":20},"end":{"line":67,"column":7}},"line":59},"15":{"name":"(anonymous_15)","decl":{"start":{"line":61,"column":27},"end":{"line":61,"column":39}},"loc":{"start":{"line":61,"column":39},"end":{"line":65,"column":null}},"line":61},"16":{"name":"(anonymous_16)","decl":{"start":{"line":84,"column":36},"end":{"line":84,"column":41}},"loc":{"start":{"line":84,"column":41},"end":{"line":84,"column":49}},"line":84},"17":{"name":"(anonymous_17)","decl":{"start":{"line":85,"column":43},"end":{"line":85,"column":48}},"loc":{"start":{"line":85,"column":48},"end":{"line":85,"column":74}},"line":85},"18":{"name":"(anonymous_18)","decl":{"start":{"line":87,"column":14},"end":{"line":87,"column":20}},"loc":{"start":{"line":87,"column":20},"end":{"line":89,"column":7}},"line":87},"19":{"name":"(anonymous_19)","decl":{"start":{"line":88,"column":19},"end":{"line":88,"column":25}},"loc":{"start":{"line":88,"column":25},"end":{"line":88,"column":47}},"line":88},"20":{"name":"(anonymous_20)","decl":{"start":{"line":91,"column":14},"end":{"line":91,"column":20}},"loc":{"start":{"line":91,"column":20},"end":{"line":95,"column":7}},"line":91},"21":{"name":"(anonymous_21)","decl":{"start":{"line":92,"column":24},"end":{"line":92,"column":30}},"loc":{"start":{"line":92,"column":30},"end":{"line":92,"column":null}},"line":92},"22":{"name":"(anonymous_22)","decl":{"start":{"line":94,"column":15},"end":{"line":94,"column":21}},"loc":{"start":{"line":94,"column":21},"end":{"line":94,"column":null}},"line":94},"23":{"name":"(anonymous_23)","decl":{"start":{"line":97,"column":25},"end":{"line":97,"column":37}},"loc":{"start":{"line":97,"column":37},"end":{"line":102,"column":null}},"line":97},"24":{"name":"(anonymous_24)","decl":{"start":{"line":104,"column":30},"end":{"line":104,"column":37}},"loc":{"start":{"line":104,"column":57},"end":{"line":118,"column":null}},"line":104},"25":{"name":"(anonymous_25)","decl":{"start":{"line":120,"column":28},"end":{"line":120,"column":35}},"loc":{"start":{"line":120,"column":55},"end":{"line":144,"column":null}},"line":120},"26":{"name":"(anonymous_26)","decl":{"start":{"line":125,"column":50},"end":{"line":125,"column":55}},"loc":{"start":{"line":125,"column":55},"end":{"line":125,"column":73}},"line":125},"27":{"name":"(anonymous_27)","decl":{"start":{"line":146,"column":14},"end":{"line":146,"column":20}},"loc":{"start":{"line":146,"column":20},"end":{"line":152,"column":7}},"line":146},"28":{"name":"(anonymous_28)","decl":{"start":{"line":147,"column":30},"end":{"line":147,"column":31}},"loc":{"start":{"line":147,"column":52},"end":{"line":149,"column":null}},"line":147},"29":{"name":"(anonymous_29)","decl":{"start":{"line":151,"column":15},"end":{"line":151,"column":21}},"loc":{"start":{"line":151,"column":21},"end":{"line":151,"column":null}},"line":151},"30":{"name":"(anonymous_30)","decl":{"start":{"line":154,"column":23},"end":{"line":154,"column":29}},"loc":{"start":{"line":154,"column":29},"end":{"line":284,"column":null}},"line":154},"31":{"name":"(anonymous_31)","decl":{"start":{"line":155,"column":97},"end":{"line":155,"column":103}},"loc":{"start":{"line":155,"column":103},"end":{"line":155,"column":128}},"line":155},"32":{"name":"(anonymous_32)","decl":{"start":{"line":176,"column":67},"end":{"line":176,"column":73}},"loc":{"start":{"line":176,"column":73},"end":{"line":176,"column":102}},"line":176},"33":{"name":"(anonymous_33)","decl":{"start":{"line":179,"column":67},"end":{"line":179,"column":73}},"loc":{"start":{"line":179,"column":73},"end":{"line":179,"column":102}},"line":179},"34":{"name":"(anonymous_34)","decl":{"start":{"line":189,"column":34},"end":{"line":189,"column":41}},"loc":{"start":{"line":189,"column":49},"end":{"line":199,"column":null}},"line":189},"35":{"name":"(anonymous_35)","decl":{"start":{"line":190,"column":57},"end":{"line":190,"column":62}},"loc":{"start":{"line":190,"column":62},"end":{"line":190,"column":75}},"line":190},"36":{"name":"(anonymous_36)","decl":{"start":{"line":202,"column":32},"end":{"line":202,"column":33}},"loc":{"start":{"line":202,"column":42},"end":{"line":205,"column":null}},"line":202},"37":{"name":"(anonymous_37)","decl":{"start":{"line":250,"column":32},"end":{"line":250,"column":33}},"loc":{"start":{"line":250,"column":40},"end":{"line":250,"column":null}},"line":250},"38":{"name":"(anonymous_38)","decl":{"start":{"line":250,"column":79},"end":{"line":250,"column":84}},"loc":{"start":{"line":250,"column":84},"end":{"line":250,"column":95}},"line":250},"39":{"name":"(anonymous_39)","decl":{"start":{"line":294,"column":30},"end":{"line":294,"column":36}},"loc":{"start":{"line":294,"column":36},"end":{"line":294,"column":null}},"line":294},"40":{"name":"(anonymous_40)","decl":{"start":{"line":331,"column":34},"end":{"line":331,"column":40}},"loc":{"start":{"line":331,"column":40},"end":{"line":331,"column":null}},"line":331},"41":{"name":"(anonymous_41)","decl":{"start":{"line":337,"column":45},"end":{"line":337,"column":46}},"loc":{"start":{"line":337,"column":52},"end":{"line":337,"column":110}},"line":337},"42":{"name":"(anonymous_42)","decl":{"start":{"line":339,"column":29},"end":{"line":339,"column":35}},"loc":{"start":{"line":339,"column":35},"end":{"line":339,"column":null}},"line":339},"43":{"name":"(anonymous_43)","decl":{"start":{"line":347,"column":29},"end":{"line":347,"column":35}},"loc":{"start":{"line":347,"column":35},"end":{"line":347,"column":null}},"line":347},"44":{"name":"(anonymous_44)","decl":{"start":{"line":354,"column":29},"end":{"line":354,"column":35}},"loc":{"start":{"line":354,"column":35},"end":{"line":354,"column":null}},"line":354},"45":{"name":"(anonymous_45)","decl":{"start":{"line":355,"column":32},"end":{"line":355,"column":33}},"loc":{"start":{"line":355,"column":47},"end":{"line":355,"column":null}},"line":355},"46":{"name":"(anonymous_46)","decl":{"start":{"line":355,"column":83},"end":{"line":355,"column":88}},"loc":{"start":{"line":355,"column":88},"end":{"line":355,"column":99}},"line":355},"47":{"name":"(anonymous_47)","decl":{"start":{"line":355,"column":135},"end":{"line":355,"column":140}},"loc":{"start":{"line":355,"column":140},"end":{"line":355,"column":151}},"line":355},"48":{"name":"(anonymous_48)","decl":{"start":{"line":356,"column":39},"end":{"line":356,"column":45}},"loc":{"start":{"line":356,"column":45},"end":{"line":356,"column":null}},"line":356},"49":{"name":"(anonymous_49)","decl":{"start":{"line":361,"column":169},"end":{"line":361,"column":175}},"loc":{"start":{"line":361,"column":175},"end":{"line":361,"column":null}},"line":361},"50":{"name":"(anonymous_50)","decl":{"start":{"line":362,"column":34},"end":{"line":362,"column":39}},"loc":{"start":{"line":362,"column":39},"end":{"line":362,"column":60}},"line":362},"51":{"name":"(anonymous_51)","decl":{"start":{"line":363,"column":52},"end":{"line":363,"column":58}},"loc":{"start":{"line":363,"column":58},"end":{"line":363,"column":86}},"line":363}},"branchMap":{"0":{"loc":{"start":{"line":62,"column":12},"end":{"line":64,"column":null}},"type":"if","locations":[{"start":{"line":62,"column":12},"end":{"line":64,"column":null}},{"start":{},"end":{}}],"line":62},"1":{"loc":{"start":{"line":62,"column":17},"end":{"line":62,"column":86}},"type":"binary-expr","locations":[{"start":{"line":62,"column":17},"end":{"line":62,"column":44}},{"start":{"line":62,"column":44},"end":{"line":62,"column":86}}],"line":62},"2":{"loc":{"start":{"line":112,"column":29},"end":{"line":112,"column":null}},"type":"cond-expr","locations":[{"start":{"line":112,"column":69},"end":{"line":112,"column":90}},{"start":{"line":112,"column":90},"end":{"line":112,"column":null}}],"line":112},"3":{"loc":{"start":{"line":116,"column":53},"end":{"line":116,"column":88}},"type":"binary-expr","locations":[{"start":{"line":116,"column":53},"end":{"line":116,"column":68}},{"start":{"line":116,"column":68},"end":{"line":116,"column":88}}],"line":116},"4":{"loc":{"start":{"line":121,"column":8},"end":{"line":121,"column":null}},"type":"if","locations":[{"start":{"line":121,"column":8},"end":{"line":121,"column":null}},{"start":{},"end":{}}],"line":121},"5":{"loc":{"start":{"line":126,"column":25},"end":{"line":126,"column":null}},"type":"binary-expr","locations":[{"start":{"line":126,"column":25},"end":{"line":126,"column":54}},{"start":{"line":126,"column":54},"end":{"line":126,"column":null}}],"line":126},"6":{"loc":{"start":{"line":128,"column":8},"end":{"line":136,"column":null}},"type":"if","locations":[{"start":{"line":128,"column":8},"end":{"line":136,"column":null}},{"start":{},"end":{}}],"line":128},"7":{"loc":{"start":{"line":128,"column":12},"end":{"line":128,"column":67}},"type":"binary-expr","locations":[{"start":{"line":128,"column":12},"end":{"line":128,"column":37}},{"start":{"line":128,"column":37},"end":{"line":128,"column":67}}],"line":128},"8":{"loc":{"start":{"line":139,"column":74},"end":{"line":139,"column":null}},"type":"binary-expr","locations":[{"start":{"line":139,"column":74},"end":{"line":139,"column":96}},{"start":{"line":139,"column":96},"end":{"line":139,"column":null}}],"line":139},"9":{"loc":{"start":{"line":140,"column":24},"end":{"line":140,"column":46}},"type":"binary-expr","locations":[{"start":{"line":140,"column":24},"end":{"line":140,"column":42}},{"start":{"line":140,"column":42},"end":{"line":140,"column":46}}],"line":140},"10":{"loc":{"start":{"line":148,"column":12},"end":{"line":148,"column":null}},"type":"if","locations":[{"start":{"line":148,"column":12},"end":{"line":148,"column":null}},{"start":{},"end":{}}],"line":148},"11":{"loc":{"start":{"line":148,"column":12},"end":{"line":148,"column":59}},"type":"binary-expr","locations":[{"start":{"line":148,"column":17},"end":{"line":148,"column":30}},{"start":{"line":148,"column":30},"end":{"line":148,"column":44}},{"start":{"line":148,"column":44},"end":{"line":148,"column":59}}],"line":148},"12":{"loc":{"start":{"line":155,"column":8},"end":{"line":155,"column":null}},"type":"if","locations":[{"start":{"line":155,"column":8},"end":{"line":155,"column":null}},{"start":{},"end":{}}],"line":155},"13":{"loc":{"start":{"line":155,"column":12},"end":{"line":155,"column":42}},"type":"binary-expr","locations":[{"start":{"line":155,"column":12},"end":{"line":155,"column":29}},{"start":{"line":155,"column":29},"end":{"line":155,"column":42}}],"line":155},"14":{"loc":{"start":{"line":157,"column":8},"end":{"line":172,"column":null}},"type":"if","locations":[{"start":{"line":157,"column":8},"end":{"line":172,"column":null}},{"start":{},"end":{}}],"line":157},"15":{"loc":{"start":{"line":174,"column":8},"end":{"line":208,"column":null}},"type":"if","locations":[{"start":{"line":174,"column":8},"end":{"line":208,"column":null}},{"start":{},"end":{}}],"line":174},"16":{"loc":{"start":{"line":175,"column":12},"end":{"line":177,"column":null}},"type":"if","locations":[{"start":{"line":175,"column":12},"end":{"line":177,"column":null}},{"start":{},"end":{}}],"line":175},"17":{"loc":{"start":{"line":175,"column":16},"end":{"line":175,"column":60}},"type":"binary-expr","locations":[{"start":{"line":175,"column":16},"end":{"line":175,"column":46}},{"start":{"line":175,"column":46},"end":{"line":175,"column":60}}],"line":175},"18":{"loc":{"start":{"line":178,"column":12},"end":{"line":180,"column":null}},"type":"if","locations":[{"start":{"line":178,"column":12},"end":{"line":180,"column":null}},{"start":{},"end":{}}],"line":178},"19":{"loc":{"start":{"line":178,"column":16},"end":{"line":178,"column":62}},"type":"binary-expr","locations":[{"start":{"line":178,"column":16},"end":{"line":178,"column":48}},{"start":{"line":178,"column":48},"end":{"line":178,"column":62}}],"line":178},"20":{"loc":{"start":{"line":196,"column":53},"end":{"line":196,"column":83}},"type":"binary-expr","locations":[{"start":{"line":196,"column":53},"end":{"line":196,"column":74}},{"start":{"line":196,"column":74},"end":{"line":196,"column":83}}],"line":196},"21":{"loc":{"start":{"line":210,"column":8},"end":{"line":231,"column":null}},"type":"if","locations":[{"start":{"line":210,"column":8},"end":{"line":231,"column":null}},{"start":{},"end":{}}],"line":210},"22":{"loc":{"start":{"line":233,"column":8},"end":{"line":255,"column":null}},"type":"if","locations":[{"start":{"line":233,"column":8},"end":{"line":255,"column":null}},{"start":{},"end":{}}],"line":233},"23":{"loc":{"start":{"line":250,"column":61},"end":{"line":250,"column":104}},"type":"binary-expr","locations":[{"start":{"line":250,"column":61},"end":{"line":250,"column":100}},{"start":{"line":250,"column":100},"end":{"line":250,"column":104}}],"line":250},"24":{"loc":{"start":{"line":301,"column":82},"end":{"line":301,"column":143}},"type":"cond-expr","locations":[{"start":{"line":301,"column":107},"end":{"line":301,"column":130}},{"start":{"line":301,"column":130},"end":{"line":301,"column":143}}],"line":301},"25":{"loc":{"start":{"line":306,"column":17},"end":{"line":306,"column":null}},"type":"binary-expr","locations":[{"start":{"line":306,"column":17},"end":{"line":306,"column":31}},{"start":{"line":306,"column":31},"end":{"line":306,"column":null}}],"line":306},"26":{"loc":{"start":{"line":308,"column":106},"end":{"line":308,"column":146}},"type":"cond-expr","locations":[{"start":{"line":308,"column":119},"end":{"line":308,"column":133}},{"start":{"line":308,"column":133},"end":{"line":308,"column":146}}],"line":308},"27":{"loc":{"start":{"line":334,"column":13},"end":{"line":340,"column":null}},"type":"binary-expr","locations":[{"start":{"line":334,"column":13},"end":{"line":334,"column":null}},{"start":{"line":335,"column":16},"end":{"line":340,"column":null}}],"line":334},"28":{"loc":{"start":{"line":343,"column":13},"end":{"line":348,"column":null}},"type":"binary-expr","locations":[{"start":{"line":343,"column":13},"end":{"line":343,"column":null}},{"start":{"line":344,"column":16},"end":{"line":348,"column":null}}],"line":343},"29":{"loc":{"start":{"line":351,"column":13},"end":{"line":357,"column":null}},"type":"binary-expr","locations":[{"start":{"line":351,"column":13},"end":{"line":351,"column":null}},{"start":{"line":352,"column":16},"end":{"line":357,"column":null}}],"line":351},"30":{"loc":{"start":{"line":355,"column":122},"end":{"line":355,"column":175}},"type":"binary-expr","locations":[{"start":{"line":355,"column":122},"end":{"line":355,"column":170}},{"start":{"line":355,"column":170},"end":{"line":355,"column":175}}],"line":355},"31":{"loc":{"start":{"line":360,"column":13},"end":{"line":365,"column":null}},"type":"binary-expr","locations":[{"start":{"line":360,"column":13},"end":{"line":360,"column":null}},{"start":{"line":361,"column":16},"end":{"line":365,"column":null}}],"line":360}},"s":{"0":2,"1":2,"2":2,"3":2,"4":0,"5":0,"6":2,"7":0,"8":0,"9":2,"10":0,"11":0,"12":2,"13":1,"14":1,"15":2,"16":1,"17":1,"18":2,"19":5,"20":5,"21":5,"22":5,"23":5,"24":5,"25":5,"26":5,"27":4,"28":4,"29":0,"30":4,"31":5,"32":5,"33":5,"34":5,"35":5,"36":5,"37":5,"38":5,"39":5,"40":5,"41":5,"42":0,"43":5,"44":0,"45":5,"46":4,"47":1,"48":5,"49":4,"50":0,"51":4,"52":4,"53":4,"54":5,"55":1,"56":1,"57":1,"58":1,"59":5,"60":0,"61":0,"62":0,"63":0,"64":0,"65":0,"66":0,"67":0,"68":0,"69":5,"70":0,"71":0,"72":0,"73":0,"74":0,"75":0,"76":0,"77":0,"78":0,"79":0,"80":0,"81":0,"82":0,"83":5,"84":4,"85":0,"86":0,"87":4,"88":4,"89":4,"90":5,"91":5,"92":0,"93":0,"94":5,"95":2,"96":3,"97":0,"98":0,"99":0,"100":0,"101":0,"102":0,"103":0,"104":0,"105":0,"106":0,"107":0,"108":0,"109":0,"110":0,"111":3,"112":0,"113":3,"114":0,"115":0,"116":0,"117":3,"118":5,"119":0,"120":0,"121":0,"122":0,"123":0,"124":0,"125":0,"126":0,"127":0,"128":0,"129":0,"130":0,"131":0,"132":0},"f":{"0":2,"1":2,"2":0,"3":0,"4":0,"5":0,"6":0,"7":0,"8":1,"9":1,"10":1,"11":1,"12":5,"13":5,"14":4,"15":4,"16":0,"17":0,"18":4,"19":1,"20":4,"21":0,"22":4,"23":1,"24":0,"25":0,"26":0,"27":4,"28":0,"29":4,"30":5,"31":0,"32":0,"33":0,"34":0,"35":0,"36":0,"37":0,"38":0,"39":0,"40":0,"41":0,"42":0,"43":0,"44":0,"45":0,"46":0,"47":0,"48":0,"49":0,"50":0,"51":0},"b":{"0":[0,4],"1":[4,0],"2":[0,0],"3":[0,0],"4":[0,0],"5":[0,0],"6":[0,0],"7":[0,0],"8":[0,0],"9":[0,0],"10":[0,0],"11":[0,0,0],"12":[0,5],"13":[5,0],"14":[2,3],"15":[0,3],"16":[0,0],"17":[0,0],"18":[0,0],"19":[0,0],"20":[0,0],"21":[0,3],"22":[0,3],"23":[0,0],"24":[0,5],"25":[5,4],"26":[4,1],"27":[5,0],"28":[5,0],"29":[5,0],"30":[0,0],"31":[5,0]},"meta":{"lastBranch":32,"lastFunction":52,"lastStatement":133,"seen":{"s:21:6:21:Infinity":0,"f:21:33:21:39":0,"s:21:39:21:Infinity":1,"f:21:87:21:93":1,"s:21:95:21:Infinity":2,"s:24:6:24:Infinity":3,"f:24:25:24:31":2,"s:24:31:24:Infinity":4,"f:24:79:24:85":3,"s:24:87:24:Infinity":5,"s:25:6:25:Infinity":6,"f:25:23:25:29":4,"s:25:29:25:Infinity":7,"f:25:75:25:81":5,"s:25:83:25:Infinity":8,"s:26:6:26:Infinity":9,"f:26:27:26:33":6,"s:26:33:26:Infinity":10,"f:26:83:26:89":7,"s:26:91:26:Infinity":11,"s:27:6:27:Infinity":12,"f:27:24:27:30":8,"s:27:30:27:Infinity":13,"f:27:77:27:83":9,"s:27:85:27:Infinity":14,"s:28:6:28:Infinity":15,"f:28:26:28:32":10,"s:28:32:28:Infinity":16,"f:28:81:28:87":11,"s:28:89:28:Infinity":17,"s:36:19:50:Infinity":18,"f:36:19:36:25":12,"s:37:20:37:Infinity":19,"s:39:4:48:Infinity":20,"f:52:24:52:30":13,"s:53:38:53:Infinity":21,"s:54:46:54:Infinity":22,"s:55:36:55:Infinity":23,"s:56:42:56:Infinity":24,"s:57:48:57:Infinity":25,"s:59:4:67:Infinity":26,"f:59:14:59:20":14,"s:61:27:65:Infinity":27,"f:61:27:61:39":15,"b:62:12:64:Infinity:undefined:undefined:undefined:undefined":0,"s:62:12:64:Infinity":28,"b:62:17:62:44:62:44:62:86":1,"s:63:16:63:Infinity":29,"s:66:8:66:Infinity":30,"s:69:24:69:Infinity":31,"s:70:14:70:Infinity":32,"s:71:40:71:Infinity":33,"s:75:4:75:Infinity":34,"s:77:40:77:Infinity":35,"s:78:36:78:Infinity":36,"s:79:50:79:Infinity":37,"s:80:44:80:Infinity":38,"s:81:34:81:Infinity":39,"s:82:50:82:Infinity":40,"s:84:21:84:Infinity":41,"f:84:36:84:41":16,"s:84:41:84:49":42,"s:85:28:85:Infinity":43,"f:85:43:85:48":17,"s:85:48:85:74":44,"s:87:4:89:Infinity":45,"f:87:14:87:20":18,"s:88:8:88:Infinity":46,"f:88:19:88:25":19,"s:88:25:88:47":47,"s:91:4:95:Infinity":48,"f:91:14:91:20":20,"s:92:24:92:Infinity":49,"f:92:24:92:30":21,"s:92:30:92:Infinity":50,"s:93:8:93:Infinity":51,"s:94:8:94:Infinity":52,"f:94:15:94:21":22,"s:94:21:94:Infinity":53,"s:97:25:102:Infinity":54,"f:97:25:97:37":23,"s:98:8:98:Infinity":55,"s:99:8:99:Infinity":56,"s:100:8:100:Infinity":57,"s:101:8:101:Infinity":58,"s:104:30:118:Infinity":59,"f:104:30:104:37":24,"s:105:8:117:Infinity":60,"s:106:12:106:Infinity":61,"s:107:12:107:Infinity":62,"s:108:12:108:Infinity":63,"s:109:12:109:Infinity":64,"s:112:29:112:Infinity":65,"b:112:69:112:90:112:90:112:Infinity":2,"s:113:12:113:Infinity":66,"s:115:12:115:Infinity":67,"s:116:12:116:Infinity":68,"b:116:53:116:68:116:68:116:88":3,"s:120:28:144:Infinity":69,"f:120:28:120:35":25,"b:121:8:121:Infinity:undefined:undefined:undefined:undefined":4,"s:121:8:121:Infinity":70,"s:121:26:121:Infinity":71,"s:122:26:122:Infinity":72,"s:125:32:125:Infinity":73,"f:125:50:125:55":26,"s:125:55:125:73":74,"s:126:25:126:Infinity":75,"b:126:25:126:54:126:54:126:Infinity":5,"b:128:8:136:Infinity:undefined:undefined:undefined:undefined":6,"s:128:8:136:Infinity":76,"b:128:12:128:37:128:37:128:67":7,"s:129:29:129:Infinity":77,"s:130:18:130:Infinity":78,"s:131:12:135:Infinity":79,"s:138:40:141:Infinity":80,"b:139:74:139:96:139:96:139:Infinity":8,"b:140:24:140:42:140:42:140:46":9,"s:142:8:142:Infinity":81,"s:143:8:143:Infinity":82,"s:146:4:152:Infinity":83,"f:146:14:146:20":27,"s:147:30:149:Infinity":84,"f:147:30:147:31":28,"b:148:12:148:Infinity:undefined:undefined:undefined:undefined":10,"s:148:12:148:Infinity":85,"b:148:17:148:30:148:30:148:44:148:44:148:59":11,"s:148:59:148:Infinity":86,"s:150:8:150:Infinity":87,"s:151:8:151:Infinity":88,"f:151:15:151:21":29,"s:151:21:151:Infinity":89,"s:154:23:284:Infinity":90,"f:154:23:154:29":30,"b:155:8:155:Infinity:undefined:undefined:undefined:undefined":12,"s:155:8:155:Infinity":91,"b:155:12:155:29:155:29:155:42":13,"s:155:42:155:Infinity":92,"f:155:97:155:103":31,"s:155:103:155:128":93,"b:157:8:172:Infinity:undefined:undefined:undefined:undefined":14,"s:157:8:172:Infinity":94,"s:158:12:170:Infinity":95,"b:174:8:208:Infinity:undefined:undefined:undefined:undefined":15,"s:174:8:208:Infinity":96,"b:175:12:177:Infinity:undefined:undefined:undefined:undefined":16,"s:175:12:177:Infinity":97,"b:175:16:175:46:175:46:175:60":17,"s:176:16:176:Infinity":98,"f:176:67:176:73":32,"s:176:73:176:102":99,"b:178:12:180:Infinity:undefined:undefined:undefined:undefined":18,"s:178:12:180:Infinity":100,"b:178:16:178:48:178:48:178:62":19,"s:179:16:179:Infinity":101,"f:179:67:179:73":33,"s:179:73:179:102":102,"s:182:12:206:Infinity":103,"f:189:34:189:41":34,"s:190:43:190:Infinity":104,"f:190:57:190:62":35,"s:190:62:190:75":105,"s:191:24:191:Infinity":106,"s:192:24:197:Infinity":107,"b:196:53:196:74:196:74:196:83":20,"s:198:24:198:Infinity":108,"f:202:32:202:33":36,"s:203:24:203:Infinity":109,"s:204:24:204:Infinity":110,"b:210:8:231:Infinity:undefined:undefined:undefined:undefined":21,"s:210:8:231:Infinity":111,"s:211:12:229:Infinity":112,"b:233:8:255:Infinity:undefined:undefined:undefined:undefined":22,"s:233:8:255:Infinity":113,"s:234:12:253:Infinity":114,"f:250:32:250:33":37,"s:250:40:250:Infinity":115,"b:250:61:250:100:250:100:250:104":23,"f:250:79:250:84":38,"s:250:84:250:95":116,"s:257:8:282:Infinity":117,"s:286:4:367:Infinity":118,"f:294:30:294:36":39,"s:294:36:294:Infinity":119,"b:301:107:301:130:301:130:301:143":24,"b:306:17:306:31:306:31:306:Infinity":25,"b:308:119:308:133:308:133:308:146":26,"f:331:34:331:40":40,"s:331:40:331:Infinity":120,"b:334:13:334:Infinity:335:16:340:Infinity":27,"f:337:45:337:46":41,"s:337:54:337:81":121,"s:337:81:337:108":122,"f:339:29:339:35":42,"s:339:35:339:Infinity":123,"b:343:13:343:Infinity:344:16:348:Infinity":28,"f:347:29:347:35":43,"s:347:35:347:Infinity":124,"b:351:13:351:Infinity:352:16:357:Infinity":29,"f:354:29:354:35":44,"s:354:35:354:Infinity":125,"f:355:32:355:33":45,"s:355:47:355:Infinity":126,"f:355:83:355:88":46,"s:355:88:355:99":127,"b:355:122:355:170:355:170:355:175":30,"f:355:135:355:140":47,"s:355:140:355:151":128,"f:356:39:356:45":48,"s:356:47:356:75":129,"b:360:13:360:Infinity:361:16:365:Infinity":31,"f:361:169:361:175":49,"s:361:175:361:Infinity":130,"f:362:34:362:39":50,"s:362:39:362:60":131,"f:363:52:363:58":51,"s:363:58:363:86":132}}}
,"/home/Yas/Desktop/PAW/WEB/funzionante to-enhance-paw-print_-pet-finder-ai/types.ts": {"path":"/home/Yas/Desktop/PAW/WEB/funzionante to-enhance-paw-print_-pet-finder-ai/types.ts","statementMap":{"0":{"start":{"line":223,"column":30},"end":{"line":223,"column":null}},"1":{"start":{"line":225,"column":33},"end":{"line":231,"column":null}},"2":{"start":{"line":233,"column":26},"end":{"line":253,"column":null}},"3":{"start":{"line":255,"column":32},"end":{"line":259,"column":null}},"4":{"start":{"line":261,"column":36},"end":{"line":268,"column":null}},"5":{"start":{"line":270,"column":30},"end":{"line":276,"column":null}},"6":{"start":{"line":278,"column":33},"end":{"line":282,"column":null}},"7":{"start":{"line":284,"column":33},"end":{"line":287,"column":null}},"8":{"start":{"line":289,"column":35},"end":{"line":294,"column":null}},"9":{"start":{"line":296,"column":32},"end":{"line":322,"column":null}},"10":{"start":{"line":324,"column":33},"end":{"line":334,"column":null}},"11":{"start":{"line":336,"column":30},"end":{"line":349,"column":null}},"12":{"start":{"line":351,"column":35},"end":{"line":358,"column":null}}},"fnMap":{},"branchMap":{},"s":{"0":8,"1":8,"2":8,"3":8,"4":8,"5":8,"6":8,"7":8,"8":8,"9":8,"10":8,"11":8,"12":8},"f":{},"b":{},"meta":{"lastBranch":0,"lastFunction":0,"lastStatement":13,"seen":{"s:223:30:223:Infinity":0,"s:225:33:231:Infinity":1,"s:233:26:253:Infinity":2,"s:255:32:259:Infinity":3,"s:261:36:268:Infinity":4,"s:270:30:276:Infinity":5,"s:278:33:282:Infinity":6,"s:284:33:287:Infinity":7,"s:289:35:294:Infinity":8,"s:296:32:322:Infinity":9,"s:324:33:334:Infinity":10,"s:336:30:349:Infinity":11,"s:351:35:358:Infinity":12}}}
,"/home/Yas/Desktop/PAW/WEB/funzionante to-enhance-paw-print_-pet-finder-ai/components/AIHealthCheckModal.tsx": {"path":"/home/Yas/Desktop/PAW/WEB/funzionante to-enhance-paw-print_-pet-finder-ai/components/AIHealthCheckModal.tsx","statementMap":{"0":{"start":{"line":17,"column":69},"end":{"line":91,"column":null}},"1":{"start":{"line":18,"column":12},"end":{"line":18,"column":null}},"2":{"start":{"line":19,"column":22},"end":{"line":19,"column":null}},"3":{"start":{"line":20,"column":30},"end":{"line":20,"column":null}},"4":{"start":{"line":21,"column":30},"end":{"line":21,"column":null}},"5":{"start":{"line":22,"column":32},"end":{"line":22,"column":null}},"6":{"start":{"line":24,"column":24},"end":{"line":43,"column":null}},"7":{"start":{"line":25,"column":4},"end":{"line":25,"column":null}},"8":{"start":{"line":26,"column":4},"end":{"line":26,"column":null}},"9":{"start":{"line":26,"column":26},"end":{"line":26,"column":null}},"10":{"start":{"line":27,"column":4},"end":{"line":27,"column":null}},"11":{"start":{"line":28,"column":4},"end":{"line":28,"column":null}},"12":{"start":{"line":29,"column":4},"end":{"line":41,"column":null}},"13":{"start":{"line":30,"column":21},"end":{"line":30,"column":null}},"14":{"start":{"line":31,"column":6},"end":{"line":31,"column":null}},"15":{"start":{"line":32,"column":42},"end":{"line":36,"column":null}},"16":{"start":{"line":37,"column":6},"end":{"line":37,"column":null}},"17":{"start":{"line":39,"column":6},"end":{"line":39,"column":null}},"18":{"start":{"line":40,"column":6},"end":{"line":40,"column":null}},"19":{"start":{"line":42,"column":4},"end":{"line":42,"column":null}},"20":{"start":{"line":45,"column":25},"end":{"line":54,"column":null}},"21":{"start":{"line":46,"column":20},"end":{"line":46,"column":null}},"22":{"start":{"line":47,"column":6},"end":{"line":53,"column":null}},"23":{"start":{"line":48,"column":8},"end":{"line":51,"column":null}},"24":{"start":{"line":50,"column":12},"end":{"line":50,"column":null}},"25":{"start":{"line":52,"column":8},"end":{"line":52,"column":null}},"26":{"start":{"line":56,"column":2},"end":{"line":89,"column":null}},"27":{"start":{"line":66,"column":31},"end":{"line":66,"column":null}},"28":{"start":{"line":84,"column":36},"end":{"line":84,"column":60}}},"fnMap":{"0":{"name":"(anonymous_0)","decl":{"start":{"line":17,"column":69},"end":{"line":17,"column":70}},"loc":{"start":{"line":17,"column":122},"end":{"line":91,"column":null}},"line":17},"1":{"name":"(anonymous_1)","decl":{"start":{"line":24,"column":24},"end":{"line":24,"column":31}},"loc":{"start":{"line":24,"column":54},"end":{"line":43,"column":null}},"line":24},"2":{"name":"(anonymous_2)","decl":{"start":{"line":45,"column":25},"end":{"line":45,"column":26}},"loc":{"start":{"line":45,"column":43},"end":{"line":54,"column":null}},"line":45},"3":{"name":"(anonymous_3)","decl":{"start":{"line":47,"column":23},"end":{"line":47,"column":24}},"loc":{"start":{"line":47,"column":40},"end":{"line":53,"column":7}},"line":47},"4":{"name":"(anonymous_4)","decl":{"start":{"line":66,"column":24},"end":{"line":66,"column":25}},"loc":{"start":{"line":66,"column":31},"end":{"line":66,"column":null}},"line":66},"5":{"name":"(anonymous_5)","decl":{"start":{"line":84,"column":30},"end":{"line":84,"column":36}},"loc":{"start":{"line":84,"column":36},"end":{"line":84,"column":60}},"line":84}},"branchMap":{"0":{"loc":{"start":{"line":26,"column":4},"end":{"line":26,"column":null}},"type":"if","locations":[{"start":{"line":26,"column":4},"end":{"line":26,"column":null}},{"start":{},"end":{}}],"line":26},"1":{"loc":{"start":{"line":48,"column":8},"end":{"line":51,"column":null}},"type":"if","locations":[{"start":{"line":48,"column":8},"end":{"line":51,"column":null}},{"start":{},"end":{}}],"line":48},"2":{"loc":{"start":{"line":58,"column":7},"end":{"line":87,"column":null}},"type":"cond-expr","locations":[{"start":{"line":59,"column":8},"end":{"line":76,"column":null}},{"start":{"line":78,"column":8},"end":{"line":87,"column":null}}],"line":58},"3":{"loc":{"start":{"line":74,"column":13},"end":{"line":74,"column":null}},"type":"cond-expr","locations":[{"start":{"line":74,"column":25},"end":{"line":74,"column":46}},{"start":{"line":74,"column":46},"end":{"line":74,"column":null}}],"line":74}},"s":{"0":2,"1":9,"2":9,"3":9,"4":9,"5":9,"6":9,"7":2,"8":2,"9":0,"10":2,"11":2,"12":2,"13":2,"14":2,"15":2,"16":2,"17":0,"18":0,"19":2,"20":9,"21":2,"22":2,"23":2,"24":0,"25":2,"26":9,"27":2,"28":1},"f":{"0":9,"1":2,"2":2,"3":2,"4":2,"5":1},"b":{"0":[0,2],"1":[0,2],"2":[7,2],"3":[2,5]},"meta":{"lastBranch":4,"lastFunction":6,"lastStatement":29,"seen":{"s:17:69:91:Infinity":0,"f:17:69:17:70":0,"s:18:12:18:Infinity":1,"s:19:22:19:Infinity":2,"s:20:30:20:Infinity":3,"s:21:30:21:Infinity":4,"s:22:32:22:Infinity":5,"s:24:24:43:Infinity":6,"f:24:24:24:31":1,"s:25:4:25:Infinity":7,"b:26:4:26:Infinity:undefined:undefined:undefined:undefined":0,"s:26:4:26:Infinity":8,"s:26:26:26:Infinity":9,"s:27:4:27:Infinity":10,"s:28:4:28:Infinity":11,"s:29:4:41:Infinity":12,"s:30:21:30:Infinity":13,"s:31:6:31:Infinity":14,"s:32:42:36:Infinity":15,"s:37:6:37:Infinity":16,"s:39:6:39:Infinity":17,"s:40:6:40:Infinity":18,"s:42:4:42:Infinity":19,"s:45:25:54:Infinity":20,"f:45:25:45:26":2,"s:46:20:46:Infinity":21,"s:47:6:53:Infinity":22,"f:47:23:47:24":3,"b:48:8:51:Infinity:undefined:undefined:undefined:undefined":1,"s:48:8:51:Infinity":23,"s:50:12:50:Infinity":24,"s:52:8:52:Infinity":25,"s:56:2:89:Infinity":26,"b:59:8:76:Infinity:78:8:87:Infinity":2,"f:66:24:66:25":4,"s:66:31:66:Infinity":27,"b:74:25:74:46:74:46:74:Infinity":3,"f:84:30:84:36":5,"s:84:36:84:60":28}}}
,"/home/Yas/Desktop/PAW/WEB/funzionante to-enhance-paw-print_-pet-finder-ai/components/AddClinicModal.tsx": {"path":"/home/Yas/Desktop/PAW/WEB/funzionante to-enhance-paw-print_-pet-finder-ai/components/AddClinicModal.tsx","statementMap":{"0":{"start":{"line":16,"column":61},"end":{"line":124,"column":null}},"1":{"start":{"line":17,"column":14},"end":{"line":17,"column":null}},"2":{"start":{"line":18,"column":24},"end":{"line":18,"column":null}},"3":{"start":{"line":19,"column":24},"end":{"line":19,"column":null}},"4":{"start":{"line":20,"column":26},"end":{"line":20,"column":null}},"5":{"start":{"line":21,"column":30},"end":{"line":21,"column":null}},"6":{"start":{"line":22,"column":26},"end":{"line":22,"column":null}},"7":{"start":{"line":23,"column":38},"end":{"line":23,"column":null}},"8":{"start":{"line":25,"column":25},"end":{"line":63,"column":null}},"9":{"start":{"line":26,"column":8},"end":{"line":26,"column":null}},"10":{"start":{"line":29,"column":8},"end":{"line":32,"column":null}},"11":{"start":{"line":30,"column":12},"end":{"line":30,"column":null}},"12":{"start":{"line":31,"column":12},"end":{"line":31,"column":null}},"13":{"start":{"line":34,"column":8},"end":{"line":34,"column":null}},"14":{"start":{"line":35,"column":8},"end":{"line":62,"column":null}},"15":{"start":{"line":36,"column":41},"end":{"line":42,"column":null}},"16":{"start":{"line":44,"column":12},"end":{"line":44,"column":null}},"17":{"start":{"line":47,"column":12},"end":{"line":52,"column":null}},"18":{"start":{"line":54,"column":12},"end":{"line":54,"column":null}},"19":{"start":{"line":55,"column":12},"end":{"line":55,"column":null}},"20":{"start":{"line":56,"column":12},"end":{"line":56,"column":null}},"21":{"start":{"line":58,"column":12},"end":{"line":58,"column":null}},"22":{"start":{"line":59,"column":12},"end":{"line":59,"column":null}},"23":{"start":{"line":61,"column":12},"end":{"line":61,"column":null}},"24":{"start":{"line":65,"column":4},"end":{"line":122,"column":null}},"25":{"start":{"line":74,"column":43},"end":{"line":74,"column":null}},"26":{"start":{"line":86,"column":43},"end":{"line":86,"column":null}},"27":{"start":{"line":97,"column":43},"end":{"line":97,"column":null}},"28":{"start":{"line":108,"column":43},"end":{"line":108,"column":null}}},"fnMap":{"0":{"name":"(anonymous_0)","decl":{"start":{"line":16,"column":61},"end":{"line":16,"column":62}},"loc":{"start":{"line":16,"column":101},"end":{"line":124,"column":null}},"line":16},"1":{"name":"(anonymous_1)","decl":{"start":{"line":25,"column":25},"end":{"line":25,"column":32}},"loc":{"start":{"line":25,"column":55},"end":{"line":63,"column":null}},"line":25},"2":{"name":"(anonymous_2)","decl":{"start":{"line":74,"column":38},"end":{"line":74,"column":43}},"loc":{"start":{"line":74,"column":43},"end":{"line":74,"column":null}},"line":74},"3":{"name":"(anonymous_3)","decl":{"start":{"line":86,"column":38},"end":{"line":86,"column":43}},"loc":{"start":{"line":86,"column":43},"end":{"line":86,"column":null}},"line":86},"4":{"name":"(anonymous_4)","decl":{"start":{"line":97,"column":38},"end":{"line":97,"column":43}},"loc":{"start":{"line":97,"column":43},"end":{"line":97,"column":null}},"line":97},"5":{"name":"(anonymous_5)","decl":{"start":{"line":108,"column":38},"end":{"line":108,"column":43}},"loc":{"start":{"line":108,"column":43},"end":{"line":108,"column":null}},"line":108}},"branchMap":{"0":{"loc":{"start":{"line":29,"column":8},"end":{"line":32,"column":null}},"type":"if","locations":[{"start":{"line":29,"column":8},"end":{"line":32,"column":null}},{"start":{},"end":{}}],"line":29},"1":{"loc":{"start":{"line":29,"column":12},"end":{"line":29,"column":51}},"type":"binary-expr","locations":[{"start":{"line":29,"column":12},"end":{"line":29,"column":21}},{"start":{"line":29,"column":21},"end":{"line":29,"column":31}},{"start":{"line":29,"column":31},"end":{"line":29,"column":43}},{"start":{"line":29,"column":43},"end":{"line":29,"column":51}}],"line":29},"2":{"loc":{"start":{"line":59,"column":24},"end":{"line":59,"column":64}},"type":"binary-expr","locations":[{"start":{"line":59,"column":24},"end":{"line":59,"column":41}},{"start":{"line":59,"column":41},"end":{"line":59,"column":64}}],"line":59},"3":{"loc":{"start":{"line":118,"column":25},"end":{"line":118,"column":null}},"type":"cond-expr","locations":[{"start":{"line":118,"column":39},"end":{"line":118,"column":60}},{"start":{"line":118,"column":60},"end":{"line":118,"column":null}}],"line":118}},"s":{"0":1,"1":8,"2":8,"3":8,"4":8,"5":8,"6":8,"7":8,"8":8,"9":1,"10":1,"11":0,"12":0,"13":1,"14":1,"15":1,"16":1,"17":1,"18":1,"19":1,"20":1,"21":0,"22":0,"23":1,"24":8,"25":1,"26":1,"27":1,"28":1},"f":{"0":8,"1":1,"2":1,"3":1,"4":1,"5":1},"b":{"0":[0,1],"1":[1,1,1,1],"2":[0,0],"3":[1,7]},"meta":{"lastBranch":4,"lastFunction":6,"lastStatement":29,"seen":{"s:16:61:124:Infinity":0,"f:16:61:16:62":0,"s:17:14:17:Infinity":1,"s:18:24:18:Infinity":2,"s:19:24:19:Infinity":3,"s:20:26:20:Infinity":4,"s:21:30:21:Infinity":5,"s:22:26:22:Infinity":6,"s:23:38:23:Infinity":7,"s:25:25:63:Infinity":8,"f:25:25:25:32":1,"s:26:8:26:Infinity":9,"b:29:8:32:Infinity:undefined:undefined:undefined:undefined":0,"s:29:8:32:Infinity":10,"b:29:12:29:21:29:21:29:31:29:31:29:43:29:43:29:51":1,"s:30:12:30:Infinity":11,"s:31:12:31:Infinity":12,"s:34:8:34:Infinity":13,"s:35:8:62:Infinity":14,"s:36:41:42:Infinity":15,"s:44:12:44:Infinity":16,"s:47:12:52:Infinity":17,"s:54:12:54:Infinity":18,"s:55:12:55:Infinity":19,"s:56:12:56:Infinity":20,"s:58:12:58:Infinity":21,"s:59:12:59:Infinity":22,"b:59:24:59:41:59:41:59:64":2,"s:61:12:61:Infinity":23,"s:65:4:122:Infinity":24,"f:74:38:74:43":2,"s:74:43:74:Infinity":25,"f:86:38:86:43":3,"s:86:43:86:Infinity":26,"f:97:38:97:43":4,"s:97:43:97:Infinity":27,"f:108:38:108:43":5,"s:108:43:108:Infinity":28,"b:118:39:118:60:118:60:118:Infinity":3}}}
,"/home/Yas/Desktop/PAW/WEB/funzionante to-enhance-paw-print_-pet-finder-ai/components/AdminDashboard.tsx": {"path":"/home/Yas/Desktop/PAW/WEB/funzionante to-enhance-paw-print_-pet-finder-ai/components/AdminDashboard.tsx","statementMap":{"0":{"start":{"line":13,"column":23},"end":{"line":13,"column":null}},"1":{"start":{"line":13,"column":40},"end":{"line":13,"column":null}},"2":{"start":{"line":13,"column":91},"end":{"line":13,"column":null}},"3":{"start":{"line":14,"column":24},"end":{"line":14,"column":null}},"4":{"start":{"line":14,"column":41},"end":{"line":14,"column":null}},"5":{"start":{"line":14,"column":93},"end":{"line":14,"column":null}},"6":{"start":{"line":15,"column":23},"end":{"line":15,"column":null}},"7":{"start":{"line":15,"column":40},"end":{"line":15,"column":null}},"8":{"start":{"line":15,"column":91},"end":{"line":15,"column":null}},"9":{"start":{"line":16,"column":20},"end":{"line":16,"column":null}},"10":{"start":{"line":16,"column":37},"end":{"line":16,"column":null}},"11":{"start":{"line":16,"column":85},"end":{"line":16,"column":null}},"12":{"start":{"line":30,"column":61},"end":{"line":986,"column":null}},"13":{"start":{"line":31,"column":14},"end":{"line":31,"column":null}},"14":{"start":{"line":32,"column":24},"end":{"line":32,"column":null}},"15":{"start":{"line":33,"column":34},"end":{"line":33,"column":null}},"16":{"start":{"line":34,"column":24},"end":{"line":34,"column":null}},"17":{"start":{"line":35,"column":34},"end":{"line":35,"column":null}},"18":{"start":{"line":36,"column":40},"end":{"line":36,"column":null}},"19":{"start":{"line":37,"column":36},"end":{"line":37,"column":null}},"20":{"start":{"line":38,"column":38},"end":{"line":38,"column":null}},"21":{"start":{"line":39,"column":42},"end":{"line":39,"column":null}},"22":{"start":{"line":40,"column":42},"end":{"line":40,"column":null}},"23":{"start":{"line":41,"column":36},"end":{"line":41,"column":null}},"24":{"start":{"line":42,"column":36},"end":{"line":42,"column":null}},"25":{"start":{"line":43,"column":34},"end":{"line":43,"column":null}},"26":{"start":{"line":44,"column":36},"end":{"line":44,"column":null}},"27":{"start":{"line":45,"column":52},"end":{"line":45,"column":null}},"28":{"start":{"line":46,"column":46},"end":{"line":46,"column":null}},"29":{"start":{"line":48,"column":4},"end":{"line":59,"column":null}},"30":{"start":{"line":49,"column":8},"end":{"line":54,"column":null}},"31":{"start":{"line":55,"column":8},"end":{"line":57,"column":null}},"32":{"start":{"line":56,"column":12},"end":{"line":56,"column":null}},"33":{"start":{"line":58,"column":8},"end":{"line":58,"column":null}},"34":{"start":{"line":61,"column":10},"end":{"line":61,"column":null}},"35":{"start":{"line":61,"column":33},"end":{"line":61,"column":74}},"36":{"start":{"line":63,"column":10},"end":{"line":65,"column":null}},"37":{"start":{"line":64,"column":8},"end":{"line":64,"column":null}},"38":{"start":{"line":64,"column":28},"end":{"line":64,"column":144}},"39":{"start":{"line":67,"column":10},"end":{"line":67,"column":null}},"40":{"start":{"line":67,"column":30},"end":{"line":67,"column":60}},"41":{"start":{"line":68,"column":10},"end":{"line":68,"column":null}},"42":{"start":{"line":68,"column":29},"end":{"line":68,"column":61}},"43":{"start":{"line":70,"column":10},"end":{"line":84,"column":null}},"44":{"start":{"line":71,"column":8},"end":{"line":83,"column":null}},"45":{"start":{"line":73,"column":16},"end":{"line":75,"column":null}},"46":{"start":{"line":77,"column":32},"end":{"line":77,"column":null}},"47":{"start":{"line":78,"column":40},"end":{"line":80,"column":null}},"48":{"start":{"line":82,"column":12},"end":{"line":82,"column":null}},"49":{"start":{"line":86,"column":10},"end":{"line":97,"column":null}},"50":{"start":{"line":87,"column":8},"end":{"line":96,"column":null}},"51":{"start":{"line":89,"column":16},"end":{"line":91,"column":null}},"52":{"start":{"line":93,"column":34},"end":{"line":93,"column":null}},"53":{"start":{"line":95,"column":12},"end":{"line":95,"column":null}},"54":{"start":{"line":99,"column":4},"end":{"line":110,"column":null}},"55":{"start":{"line":100,"column":26},"end":{"line":108,"column":null}},"56":{"start":{"line":101,"column":12},"end":{"line":107,"column":null}},"57":{"start":{"line":102,"column":30},"end":{"line":102,"column":null}},"58":{"start":{"line":103,"column":16},"end":{"line":103,"column":null}},"59":{"start":{"line":105,"column":16},"end":{"line":105,"column":null}},"60":{"start":{"line":106,"column":16},"end":{"line":106,"column":null}},"61":{"start":{"line":109,"column":8},"end":{"line":109,"column":null}},"62":{"start":{"line":112,"column":26},"end":{"line":123,"column":null}},"63":{"start":{"line":113,"column":8},"end":{"line":113,"column":null}},"64":{"start":{"line":114,"column":8},"end":{"line":121,"column":null}},"65":{"start":{"line":115,"column":12},"end":{"line":115,"column":null}},"66":{"start":{"line":116,"column":26},"end":{"line":116,"column":null}},"67":{"start":{"line":117,"column":12},"end":{"line":117,"column":null}},"68":{"start":{"line":118,"column":12},"end":{"line":118,"column":null}},"69":{"start":{"line":120,"column":12},"end":{"line":120,"column":null}},"70":{"start":{"line":122,"column":8},"end":{"line":122,"column":null}},"71":{"start":{"line":125,"column":29},"end":{"line":133,"column":null}},"72":{"start":{"line":126,"column":8},"end":{"line":126,"column":null}},"73":{"start":{"line":126,"column":71},"end":{"line":126,"column":null}},"74":{"start":{"line":127,"column":8},"end":{"line":127,"column":null}},"75":{"start":{"line":128,"column":8},"end":{"line":131,"column":null}},"76":{"start":{"line":129,"column":12},"end":{"line":129,"column":null}},"77":{"start":{"line":130,"column":12},"end":{"line":130,"column":null}},"78":{"start":{"line":131,"column":27},"end":{"line":131,"column":60}},"79":{"start":{"line":132,"column":8},"end":{"line":132,"column":null}},"80":{"start":{"line":135,"column":27},"end":{"line":158,"column":null}},"81":{"start":{"line":136,"column":8},"end":{"line":136,"column":null}},"82":{"start":{"line":137,"column":8},"end":{"line":156,"column":null}},"83":{"start":{"line":138,"column":33},"end":{"line":138,"column":null}},"84":{"start":{"line":139,"column":12},"end":{"line":139,"column":null}},"85":{"start":{"line":139,"column":56},"end":{"line":139,"column":null}},"86":{"start":{"line":141,"column":12},"end":{"line":145,"column":null}},"87":{"start":{"line":147,"column":12},"end":{"line":152,"column":null}},"88":{"start":{"line":154,"column":12},"end":{"line":154,"column":null}},"89":{"start":{"line":155,"column":12},"end":{"line":155,"column":null}},"90":{"start":{"line":156,"column":27},"end":{"line":156,"column":60}},"91":{"start":{"line":157,"column":8},"end":{"line":157,"column":null}},"92":{"start":{"line":160,"column":25},"end":{"line":175,"column":null}},"93":{"start":{"line":161,"column":8},"end":{"line":161,"column":null}},"94":{"start":{"line":161,"column":76},"end":{"line":161,"column":null}},"95":{"start":{"line":162,"column":8},"end":{"line":162,"column":null}},"96":{"start":{"line":163,"column":8},"end":{"line":173,"column":null}},"97":{"start":{"line":164,"column":12},"end":{"line":164,"column":null}},"98":{"start":{"line":165,"column":12},"end":{"line":170,"column":null}},"99":{"start":{"line":171,"column":12},"end":{"line":171,"column":null}},"100":{"start":{"line":172,"column":12},"end":{"line":172,"column":null}},"101":{"start":{"line":173,"column":27},"end":{"line":173,"column":60}},"102":{"start":{"line":174,"column":8},"end":{"line":174,"column":null}},"103":{"start":{"line":177,"column":24},"end":{"line":192,"column":null}},"104":{"start":{"line":178,"column":8},"end":{"line":178,"column":null}},"105":{"start":{"line":178,"column":23},"end":{"line":178,"column":null}},"106":{"start":{"line":179,"column":8},"end":{"line":179,"column":null}},"107":{"start":{"line":180,"column":8},"end":{"line":190,"column":null}},"108":{"start":{"line":181,"column":12},"end":{"line":181,"column":null}},"109":{"start":{"line":182,"column":12},"end":{"line":187,"column":null}},"110":{"start":{"line":188,"column":12},"end":{"line":188,"column":null}},"111":{"start":{"line":189,"column":12},"end":{"line":189,"column":null}},"112":{"start":{"line":190,"column":27},"end":{"line":190,"column":60}},"113":{"start":{"line":191,"column":8},"end":{"line":191,"column":null}},"114":{"start":{"line":194,"column":23},"end":{"line":213,"column":null}},"115":{"start":{"line":195,"column":8},"end":{"line":195,"column":null}},"116":{"start":{"line":195,"column":23},"end":{"line":195,"column":null}},"117":{"start":{"line":196,"column":8},"end":{"line":196,"column":null}},"118":{"start":{"line":196,"column":98},"end":{"line":196,"column":null}},"119":{"start":{"line":197,"column":8},"end":{"line":197,"column":null}},"120":{"start":{"line":198,"column":8},"end":{"line":211,"column":null}},"121":{"start":{"line":199,"column":69},"end":{"line":199,"column":null}},"122":{"start":{"line":200,"column":12},"end":{"line":200,"column":null}},"123":{"start":{"line":202,"column":12},"end":{"line":207,"column":null}},"124":{"start":{"line":209,"column":12},"end":{"line":209,"column":null}},"125":{"start":{"line":210,"column":12},"end":{"line":210,"column":null}},"126":{"start":{"line":211,"column":27},"end":{"line":211,"column":60}},"127":{"start":{"line":212,"column":8},"end":{"line":212,"column":null}},"128":{"start":{"line":215,"column":4},"end":{"line":984,"column":null}},"129":{"start":{"line":246,"column":47},"end":{"line":246,"column":null}},"130":{"start":{"line":259,"column":56},"end":{"line":259,"column":175}},"131":{"start":{"line":293,"column":24},"end":{"line":307,"column":null}},"132":{"start":{"line":295,"column":43},"end":{"line":295,"column":null}},"133":{"start":{"line":344,"column":145},"end":{"line":344,"column":153}},"134":{"start":{"line":365,"column":40},"end":{"line":371,"column":null}},"135":{"start":{"line":397,"column":129},"end":{"line":397,"column":151}},"136":{"start":{"line":404,"column":51},"end":{"line":404,"column":88}},"137":{"start":{"line":405,"column":36},"end":{"line":413,"column":null}},"138":{"start":{"line":432,"column":57},"end":{"line":432,"column":null}},"139":{"start":{"line":443,"column":57},"end":{"line":443,"column":null}},"140":{"start":{"line":453,"column":59},"end":{"line":453,"column":null}},"141":{"start":{"line":474,"column":48},"end":{"line":539,"column":null}},"142":{"start":{"line":497,"column":68},"end":{"line":497,"column":null}},"143":{"start":{"line":508,"column":87},"end":{"line":508,"column":null}},"144":{"start":{"line":516,"column":87},"end":{"line":516,"column":null}},"145":{"start":{"line":527,"column":89},"end":{"line":527,"column":null}},"146":{"start":{"line":553,"column":64},"end":{"line":553,"column":85}},"147":{"start":{"line":556,"column":64},"end":{"line":556,"column":88}},"148":{"start":{"line":578,"column":52},"end":{"line":614,"column":null}},"149":{"start":{"line":608,"column":79},"end":{"line":608,"column":null}},"150":{"start":{"line":643,"column":62},"end":{"line":643,"column":98}},"151":{"start":{"line":644,"column":70},"end":{"line":644,"column":null}},"152":{"start":{"line":644,"column":91},"end":{"line":644,"column":113}},"153":{"start":{"line":645,"column":52},"end":{"line":688,"column":null}},"154":{"start":{"line":673,"column":89},"end":{"line":673,"column":142}},"155":{"start":{"line":681,"column":87},"end":{"line":681,"column":null}},"156":{"start":{"line":706,"column":57},"end":{"line":706,"column":null}},"157":{"start":{"line":717,"column":59},"end":{"line":717,"column":null}},"158":{"start":{"line":738,"column":44},"end":{"line":785,"column":null}},"159":{"start":{"line":769,"column":60},"end":{"line":778,"column":null}},"160":{"start":{"line":770,"column":64},"end":{"line":770,"column":null}},"161":{"start":{"line":771,"column":64},"end":{"line":776,"column":null}},"162":{"start":{"line":777,"column":64},"end":{"line":777,"column":null}},"163":{"start":{"line":799,"column":53},"end":{"line":799,"column":75}},"164":{"start":{"line":799,"column":75},"end":{"line":799,"column":96}},"165":{"start":{"line":820,"column":48},"end":{"line":866,"column":null}},"166":{"start":{"line":836,"column":79},"end":{"line":836,"column":null}},"167":{"start":{"line":843,"column":77},"end":{"line":843,"column":96}},"168":{"start":{"line":843,"column":96},"end":{"line":843,"column":117}},"169":{"start":{"line":850,"column":64},"end":{"line":859,"column":null}},"170":{"start":{"line":851,"column":68},"end":{"line":851,"column":null}},"171":{"start":{"line":852,"column":68},"end":{"line":857,"column":null}},"172":{"start":{"line":858,"column":68},"end":{"line":858,"column":null}},"173":{"start":{"line":888,"column":40},"end":{"line":904,"column":null}},"174":{"start":{"line":901,"column":71},"end":{"line":901,"column":87}},"175":{"start":{"line":902,"column":71},"end":{"line":902,"column":86}},"176":{"start":{"line":922,"column":55},"end":{"line":922,"column":75}},"177":{"start":{"line":926,"column":36},"end":{"line":933,"column":null}},"178":{"start":{"line":945,"column":36},"end":{"line":945,"column":58}},"179":{"start":{"line":945,"column":58},"end":{"line":945,"column":75}},"180":{"start":{"line":946,"column":36},"end":{"line":946,"column":null}},"181":{"start":{"line":952,"column":35},"end":{"line":952,"column":null}},"182":{"start":{"line":960,"column":35},"end":{"line":960,"column":null}},"183":{"start":{"line":968,"column":35},"end":{"line":968,"column":null}}},"fnMap":{"0":{"name":"(anonymous_0)","decl":{"start":{"line":13,"column":34},"end":{"line":13,"column":40}},"loc":{"start":{"line":13,"column":40},"end":{"line":13,"column":null}},"line":13},"1":{"name":"(anonymous_1)","decl":{"start":{"line":13,"column":80},"end":{"line":13,"column":89}},"loc":{"start":{"line":13,"column":91},"end":{"line":13,"column":null}},"line":13},"2":{"name":"(anonymous_2)","decl":{"start":{"line":14,"column":35},"end":{"line":14,"column":41}},"loc":{"start":{"line":14,"column":41},"end":{"line":14,"column":null}},"line":14},"3":{"name":"(anonymous_3)","decl":{"start":{"line":14,"column":82},"end":{"line":14,"column":91}},"loc":{"start":{"line":14,"column":93},"end":{"line":14,"column":null}},"line":14},"4":{"name":"(anonymous_4)","decl":{"start":{"line":15,"column":34},"end":{"line":15,"column":40}},"loc":{"start":{"line":15,"column":40},"end":{"line":15,"column":null}},"line":15},"5":{"name":"(anonymous_5)","decl":{"start":{"line":15,"column":80},"end":{"line":15,"column":89}},"loc":{"start":{"line":15,"column":91},"end":{"line":15,"column":null}},"line":15},"6":{"name":"(anonymous_6)","decl":{"start":{"line":16,"column":31},"end":{"line":16,"column":37}},"loc":{"start":{"line":16,"column":37},"end":{"line":16,"column":null}},"line":16},"7":{"name":"(anonymous_7)","decl":{"start":{"line":16,"column":74},"end":{"line":16,"column":83}},"loc":{"start":{"line":16,"column":85},"end":{"line":16,"column":null}},"line":16},"8":{"name":"(anonymous_8)","decl":{"start":{"line":30,"column":61},"end":{"line":30,"column":62}},"loc":{"start":{"line":30,"column":168},"end":{"line":986,"column":null}},"line":30},"9":{"name":"(anonymous_9)","decl":{"start":{"line":48,"column":14},"end":{"line":48,"column":20}},"loc":{"start":{"line":48,"column":20},"end":{"line":59,"column":7}},"line":48},"10":{"name":"(anonymous_10)","decl":{"start":{"line":55,"column":58},"end":{"line":55,"column":65}},"loc":{"start":{"line":55,"column":65},"end":{"line":57,"column":9}},"line":55},"11":{"name":"(anonymous_11)","decl":{"start":{"line":61,"column":33},"end":{"line":61,"column":39}},"loc":{"start":{"line":61,"column":33},"end":{"line":61,"column":74}},"line":61},"12":{"name":"(anonymous_12)","decl":{"start":{"line":63,"column":41},"end":{"line":63,"column":47}},"loc":{"start":{"line":63,"column":47},"end":{"line":65,"column":7}},"line":63},"13":{"name":"(anonymous_13)","decl":{"start":{"line":64,"column":28},"end":{"line":64,"column":35}},"loc":{"start":{"line":64,"column":28},"end":{"line":64,"column":144}},"line":64},"14":{"name":"(anonymous_14)","decl":{"start":{"line":67,"column":30},"end":{"line":67,"column":36}},"loc":{"start":{"line":67,"column":30},"end":{"line":67,"column":60}},"line":67},"15":{"name":"(anonymous_15)","decl":{"start":{"line":68,"column":29},"end":{"line":68,"column":35}},"loc":{"start":{"line":68,"column":29},"end":{"line":68,"column":61}},"line":68},"16":{"name":"(anonymous_16)","decl":{"start":{"line":70,"column":34},"end":{"line":70,"column":40}},"loc":{"start":{"line":70,"column":40},"end":{"line":84,"column":7}},"line":70},"17":{"name":"(anonymous_17)","decl":{"start":{"line":71,"column":28},"end":{"line":71,"column":33}},"loc":{"start":{"line":71,"column":33},"end":{"line":83,"column":9}},"line":71},"18":{"name":"(anonymous_18)","decl":{"start":{"line":86,"column":33},"end":{"line":86,"column":39}},"loc":{"start":{"line":86,"column":39},"end":{"line":97,"column":7}},"line":86},"19":{"name":"(anonymous_19)","decl":{"start":{"line":87,"column":30},"end":{"line":87,"column":35}},"loc":{"start":{"line":87,"column":35},"end":{"line":96,"column":9}},"line":87},"20":{"name":"(anonymous_20)","decl":{"start":{"line":99,"column":14},"end":{"line":99,"column":20}},"loc":{"start":{"line":99,"column":20},"end":{"line":110,"column":7}},"line":99},"21":{"name":"(anonymous_21)","decl":{"start":{"line":100,"column":26},"end":{"line":100,"column":38}},"loc":{"start":{"line":100,"column":38},"end":{"line":108,"column":null}},"line":100},"22":{"name":"(anonymous_22)","decl":{"start":{"line":112,"column":26},"end":{"line":112,"column":38}},"loc":{"start":{"line":112,"column":38},"end":{"line":123,"column":null}},"line":112},"23":{"name":"(anonymous_23)","decl":{"start":{"line":125,"column":29},"end":{"line":125,"column":36}},"loc":{"start":{"line":125,"column":52},"end":{"line":133,"column":null}},"line":125},"24":{"name":"(anonymous_24)","decl":{"start":{"line":135,"column":27},"end":{"line":135,"column":34}},"loc":{"start":{"line":135,"column":66},"end":{"line":158,"column":null}},"line":135},"25":{"name":"(anonymous_25)","decl":{"start":{"line":160,"column":25},"end":{"line":160,"column":32}},"loc":{"start":{"line":160,"column":47},"end":{"line":175,"column":null}},"line":160},"26":{"name":"(anonymous_26)","decl":{"start":{"line":177,"column":24},"end":{"line":177,"column":31}},"loc":{"start":{"line":177,"column":46},"end":{"line":192,"column":null}},"line":177},"27":{"name":"(anonymous_27)","decl":{"start":{"line":194,"column":23},"end":{"line":194,"column":30}},"loc":{"start":{"line":194,"column":45},"end":{"line":213,"column":null}},"line":194},"28":{"name":"(anonymous_28)","decl":{"start":{"line":246,"column":41},"end":{"line":246,"column":47}},"loc":{"start":{"line":246,"column":47},"end":{"line":246,"column":null}},"line":246},"29":{"name":"(anonymous_29)","decl":{"start":{"line":259,"column":51},"end":{"line":259,"column":56}},"loc":{"start":{"line":259,"column":56},"end":{"line":259,"column":175}},"line":259},"30":{"name":"(anonymous_30)","decl":{"start":{"line":292,"column":26},"end":{"line":292,"column":27}},"loc":{"start":{"line":293,"column":24},"end":{"line":307,"column":null}},"line":293},"31":{"name":"(anonymous_31)","decl":{"start":{"line":295,"column":37},"end":{"line":295,"column":43}},"loc":{"start":{"line":295,"column":43},"end":{"line":295,"column":null}},"line":295},"32":{"name":"(anonymous_32)","decl":{"start":{"line":344,"column":140},"end":{"line":344,"column":145}},"loc":{"start":{"line":344,"column":145},"end":{"line":344,"column":153}},"line":344},"33":{"name":"(anonymous_33)","decl":{"start":{"line":364,"column":42},"end":{"line":364,"column":null}},"loc":{"start":{"line":365,"column":40},"end":{"line":371,"column":null}},"line":365},"34":{"name":"(anonymous_34)","decl":{"start":{"line":397,"column":117},"end":{"line":397,"column":118}},"loc":{"start":{"line":397,"column":129},"end":{"line":397,"column":151}},"line":397},"35":{"name":"(anonymous_35)","decl":{"start":{"line":404,"column":48},"end":{"line":404,"column":49}},"loc":{"start":{"line":404,"column":51},"end":{"line":404,"column":88}},"line":404},"36":{"name":"(anonymous_36)","decl":{"start":{"line":404,"column":105},"end":{"line":404,"column":106}},"loc":{"start":{"line":405,"column":36},"end":{"line":413,"column":null}},"line":405},"37":{"name":"(anonymous_37)","decl":{"start":{"line":432,"column":50},"end":{"line":432,"column":51}},"loc":{"start":{"line":432,"column":57},"end":{"line":432,"column":null}},"line":432},"38":{"name":"(anonymous_38)","decl":{"start":{"line":443,"column":50},"end":{"line":443,"column":51}},"loc":{"start":{"line":443,"column":57},"end":{"line":443,"column":null}},"line":443},"39":{"name":"(anonymous_39)","decl":{"start":{"line":453,"column":54},"end":{"line":453,"column":59}},"loc":{"start":{"line":453,"column":59},"end":{"line":453,"column":null}},"line":453},"40":{"name":"(anonymous_40)","decl":{"start":{"line":473,"column":63},"end":{"line":473,"column":null}},"loc":{"start":{"line":474,"column":48},"end":{"line":539,"column":null}},"line":474},"41":{"name":"(anonymous_41)","decl":{"start":{"line":496,"column":85},"end":{"line":496,"column":null}},"loc":{"start":{"line":497,"column":68},"end":{"line":497,"column":null}},"line":497},"42":{"name":"(anonymous_42)","decl":{"start":{"line":508,"column":81},"end":{"line":508,"column":87}},"loc":{"start":{"line":508,"column":87},"end":{"line":508,"column":null}},"line":508},"43":{"name":"(anonymous_43)","decl":{"start":{"line":516,"column":81},"end":{"line":516,"column":87}},"loc":{"start":{"line":516,"column":87},"end":{"line":516,"column":null}},"line":516},"44":{"name":"(anonymous_44)","decl":{"start":{"line":527,"column":82},"end":{"line":527,"column":83}},"loc":{"start":{"line":527,"column":89},"end":{"line":527,"column":null}},"line":527},"45":{"name":"(anonymous_45)","decl":{"start":{"line":553,"column":58},"end":{"line":553,"column":64}},"loc":{"start":{"line":553,"column":64},"end":{"line":553,"column":85}},"line":553},"46":{"name":"(anonymous_46)","decl":{"start":{"line":556,"column":58},"end":{"line":556,"column":64}},"loc":{"start":{"line":556,"column":64},"end":{"line":556,"column":88}},"line":556},"47":{"name":"(anonymous_47)","decl":{"start":{"line":577,"column":64},"end":{"line":577,"column":null}},"loc":{"start":{"line":578,"column":52},"end":{"line":614,"column":null}},"line":578},"48":{"name":"(anonymous_48)","decl":{"start":{"line":608,"column":73},"end":{"line":608,"column":79}},"loc":{"start":{"line":608,"column":79},"end":{"line":608,"column":null}},"line":608},"49":{"name":"(anonymous_49)","decl":{"start":{"line":643,"column":62},"end":{"line":643,"column":68}},"loc":{"start":{"line":643,"column":62},"end":{"line":643,"column":98}},"line":643},"50":{"name":"(anonymous_50)","decl":{"start":{"line":643,"column":104},"end":{"line":643,"column":109}},"loc":{"start":{"line":643,"column":109},"end":{"line":690,"column":49}},"line":643},"51":{"name":"(anonymous_51)","decl":{"start":{"line":644,"column":86},"end":{"line":644,"column":91}},"loc":{"start":{"line":644,"column":91},"end":{"line":644,"column":113}},"line":644},"52":{"name":"(anonymous_52)","decl":{"start":{"line":673,"column":81},"end":{"line":673,"column":87}},"loc":{"start":{"line":673,"column":87},"end":{"line":673,"column":null}},"line":673},"53":{"name":"(anonymous_53)","decl":{"start":{"line":681,"column":81},"end":{"line":681,"column":87}},"loc":{"start":{"line":681,"column":87},"end":{"line":681,"column":null}},"line":681},"54":{"name":"(anonymous_54)","decl":{"start":{"line":706,"column":50},"end":{"line":706,"column":51}},"loc":{"start":{"line":706,"column":57},"end":{"line":706,"column":null}},"line":706},"55":{"name":"(anonymous_55)","decl":{"start":{"line":717,"column":54},"end":{"line":717,"column":59}},"loc":{"start":{"line":717,"column":59},"end":{"line":717,"column":null}},"line":717},"56":{"name":"(anonymous_56)","decl":{"start":{"line":737,"column":62},"end":{"line":737,"column":null}},"loc":{"start":{"line":738,"column":44},"end":{"line":785,"column":null}},"line":738},"57":{"name":"(anonymous_57)","decl":{"start":{"line":768,"column":65},"end":{"line":768,"column":77}},"loc":{"start":{"line":768,"column":77},"end":{"line":779,"column":null}},"line":768},"58":{"name":"(anonymous_58)","decl":{"start":{"line":799,"column":45},"end":{"line":799,"column":51}},"loc":{"start":{"line":799,"column":51},"end":{"line":799,"column":null}},"line":799},"59":{"name":"(anonymous_59)","decl":{"start":{"line":819,"column":59},"end":{"line":819,"column":null}},"loc":{"start":{"line":820,"column":48},"end":{"line":866,"column":null}},"line":820},"60":{"name":"(anonymous_60)","decl":{"start":{"line":836,"column":73},"end":{"line":836,"column":79}},"loc":{"start":{"line":836,"column":79},"end":{"line":836,"column":null}},"line":836},"61":{"name":"(anonymous_61)","decl":{"start":{"line":843,"column":69},"end":{"line":843,"column":75}},"loc":{"start":{"line":843,"column":75},"end":{"line":843,"column":null}},"line":843},"62":{"name":"(anonymous_62)","decl":{"start":{"line":849,"column":69},"end":{"line":849,"column":81}},"loc":{"start":{"line":849,"column":81},"end":{"line":860,"column":null}},"line":849},"63":{"name":"(anonymous_63)","decl":{"start":{"line":887,"column":62},"end":{"line":887,"column":null}},"loc":{"start":{"line":888,"column":40},"end":{"line":904,"column":null}},"line":888},"64":{"name":"(anonymous_64)","decl":{"start":{"line":901,"column":65},"end":{"line":901,"column":71}},"loc":{"start":{"line":901,"column":71},"end":{"line":901,"column":87}},"line":901},"65":{"name":"(anonymous_65)","decl":{"start":{"line":902,"column":65},"end":{"line":902,"column":71}},"loc":{"start":{"line":902,"column":71},"end":{"line":902,"column":86}},"line":902},"66":{"name":"(anonymous_66)","decl":{"start":{"line":922,"column":49},"end":{"line":922,"column":55}},"loc":{"start":{"line":922,"column":55},"end":{"line":922,"column":75}},"line":922},"67":{"name":"(anonymous_67)","decl":{"start":{"line":925,"column":42},"end":{"line":925,"column":null}},"loc":{"start":{"line":926,"column":36},"end":{"line":933,"column":null}},"line":926},"68":{"name":"(anonymous_68)","decl":{"start":{"line":945,"column":28},"end":{"line":945,"column":34}},"loc":{"start":{"line":945,"column":34},"end":{"line":945,"column":null}},"line":945},"69":{"name":"(anonymous_69)","decl":{"start":{"line":946,"column":30},"end":{"line":946,"column":36}},"loc":{"start":{"line":946,"column":36},"end":{"line":946,"column":null}},"line":946},"70":{"name":"(anonymous_70)","decl":{"start":{"line":952,"column":29},"end":{"line":952,"column":35}},"loc":{"start":{"line":952,"column":35},"end":{"line":952,"column":null}},"line":952},"71":{"name":"(anonymous_71)","decl":{"start":{"line":960,"column":29},"end":{"line":960,"column":35}},"loc":{"start":{"line":960,"column":35},"end":{"line":960,"column":null}},"line":960},"72":{"name":"(anonymous_72)","decl":{"start":{"line":968,"column":29},"end":{"line":968,"column":35}},"loc":{"start":{"line":968,"column":35},"end":{"line":968,"column":null}},"line":968}},"branchMap":{"0":{"loc":{"start":{"line":64,"column":28},"end":{"line":64,"column":144}},"type":"binary-expr","locations":[{"start":{"line":64,"column":28},"end":{"line":64,"column":70}},{"start":{"line":64,"column":64},"end":{"line":64,"column":109}},{"start":{"line":64,"column":109},"end":{"line":64,"column":126}},{"start":{"line":64,"column":126},"end":{"line":64,"column":144}}],"line":64},"1":{"loc":{"start":{"line":73,"column":16},"end":{"line":75,"column":null}},"type":"binary-expr","locations":[{"start":{"line":73,"column":16},"end":{"line":73,"column":null}},{"start":{"line":74,"column":16},"end":{"line":74,"column":null}},{"start":{"line":75,"column":16},"end":{"line":75,"column":null}}],"line":73},"2":{"loc":{"start":{"line":77,"column":32},"end":{"line":77,"column":null}},"type":"binary-expr","locations":[{"start":{"line":77,"column":32},"end":{"line":77,"column":57}},{"start":{"line":77,"column":47},"end":{"line":77,"column":null}}],"line":77},"3":{"loc":{"start":{"line":77,"column":57},"end":{"line":77,"column":72}},"type":"binary-expr","locations":[{"start":{"line":77,"column":57},"end":{"line":77,"column":68}},{"start":{"line":77,"column":68},"end":{"line":77,"column":72}}],"line":77},"4":{"loc":{"start":{"line":78,"column":40},"end":{"line":80,"column":null}},"type":"binary-expr","locations":[{"start":{"line":78,"column":40},"end":{"line":78,"column":null}},{"start":{"line":79,"column":17},"end":{"line":79,"column":54}},{"start":{"line":79,"column":54},"end":{"line":79,"column":null}},{"start":{"line":80,"column":17},"end":{"line":80,"column":56}},{"start":{"line":80,"column":56},"end":{"line":80,"column":null}}],"line":78},"5":{"loc":{"start":{"line":82,"column":19},"end":{"line":82,"column":null}},"type":"binary-expr","locations":[{"start":{"line":82,"column":19},"end":{"line":82,"column":36}},{"start":{"line":82,"column":36},"end":{"line":82,"column":51}},{"start":{"line":82,"column":51},"end":{"line":82,"column":null}}],"line":82},"6":{"loc":{"start":{"line":89,"column":16},"end":{"line":91,"column":null}},"type":"binary-expr","locations":[{"start":{"line":89,"column":16},"end":{"line":89,"column":null}},{"start":{"line":90,"column":16},"end":{"line":90,"column":null}},{"start":{"line":91,"column":16},"end":{"line":91,"column":null}}],"line":89},"7":{"loc":{"start":{"line":93,"column":34},"end":{"line":93,"column":null}},"type":"binary-expr","locations":[{"start":{"line":93,"column":34},"end":{"line":93,"column":63}},{"start":{"line":93,"column":63},"end":{"line":93,"column":null}}],"line":93},"8":{"loc":{"start":{"line":95,"column":19},"end":{"line":95,"column":null}},"type":"binary-expr","locations":[{"start":{"line":95,"column":19},"end":{"line":95,"column":36}},{"start":{"line":95,"column":36},"end":{"line":95,"column":null}}],"line":95},"9":{"loc":{"start":{"line":126,"column":8},"end":{"line":126,"column":null}},"type":"if","locations":[{"start":{"line":126,"column":8},"end":{"line":126,"column":null}},{"start":{},"end":{}}],"line":126},"10":{"loc":{"start":{"line":126,"column":21},"end":{"line":126,"column":68}},"type":"binary-expr","locations":[{"start":{"line":126,"column":21},"end":{"line":126,"column":47}},{"start":{"line":126,"column":47},"end":{"line":126,"column":68}}],"line":126},"11":{"loc":{"start":{"line":138,"column":38},"end":{"line":138,"column":55}},"type":"binary-expr","locations":[{"start":{"line":138,"column":38},"end":{"line":138,"column":52}},{"start":{"line":138,"column":52},"end":{"line":138,"column":55}}],"line":138},"12":{"loc":{"start":{"line":139,"column":12},"end":{"line":139,"column":null}},"type":"if","locations":[{"start":{"line":139,"column":12},"end":{"line":139,"column":null}},{"start":{},"end":{}}],"line":139},"13":{"loc":{"start":{"line":161,"column":8},"end":{"line":161,"column":null}},"type":"if","locations":[{"start":{"line":161,"column":8},"end":{"line":161,"column":null}},{"start":{},"end":{}}],"line":161},"14":{"loc":{"start":{"line":161,"column":21},"end":{"line":161,"column":73}},"type":"binary-expr","locations":[{"start":{"line":161,"column":21},"end":{"line":161,"column":49}},{"start":{"line":161,"column":49},"end":{"line":161,"column":73}}],"line":161},"15":{"loc":{"start":{"line":178,"column":8},"end":{"line":178,"column":null}},"type":"if","locations":[{"start":{"line":178,"column":8},"end":{"line":178,"column":null}},{"start":{},"end":{}}],"line":178},"16":{"loc":{"start":{"line":195,"column":8},"end":{"line":195,"column":null}},"type":"if","locations":[{"start":{"line":195,"column":8},"end":{"line":195,"column":null}},{"start":{},"end":{}}],"line":195},"17":{"loc":{"start":{"line":196,"column":8},"end":{"line"
[...]
,"column":null}},"21":{"start":{"line":47,"column":12},"end":{"line":49,"column":null}},"22":{"start":{"line":48,"column":16},"end":{"line":48,"column":null}},"23":{"start":{"line":50,"column":25},"end":{"line":50,"column":null}},"24":{"start":{"line":51,"column":12},"end":{"line":51,"column":null}},"25":{"start":{"line":51,"column":39},"end":{"line":51,"column":80}},"26":{"start":{"line":53,"column":12},"end":{"line":53,"column":null}},"27":{"start":{"line":54,"column":12},"end":{"line":54,"column":null}},"28":{"start":{"line":59,"column":8},"end":{"line":68,"column":null}},"29":{"start":{"line":60,"column":12},"end":{"line":62,"column":null}},"30":{"start":{"line":61,"column":16},"end":{"line":61,"column":null}},"31":{"start":{"line":63,"column":23},"end":{"line":63,"column":null}},"32":{"start":{"line":64,"column":12},"end":{"line":64,"column":null}},"33":{"start":{"line":66,"column":12},"end":{"line":66,"column":null}},"34":{"start":{"line":67,"column":12},"end":{"line":67,"column":null}},"35":{"start":{"line":72,"column":8},"end":{"line":80,"column":null}},"36":{"start":{"line":73,"column":12},"end":{"line":75,"column":null}},"37":{"start":{"line":74,"column":16},"end":{"line":74,"column":null}},"38":{"start":{"line":76,"column":12},"end":{"line":76,"column":null}},"39":{"start":{"line":78,"column":12},"end":{"line":78,"column":null}},"40":{"start":{"line":79,"column":12},"end":{"line":79,"column":null}}},"fnMap":{"0":{"name":"(anonymous_0)","decl":{"start":{"line":10,"column":10},"end":{"line":10,"column":48}},"loc":{"start":{"line":10,"column":48},"end":{"line":18,"column":null}},"line":10},"1":{"name":"(anonymous_1)","decl":{"start":{"line":13,"column":33},"end":{"line":13,"column":39}},"loc":{"start":{"line":13,"column":39},"end":{"line":13,"column":78}},"line":13},"2":{"name":"(anonymous_2)","decl":{"start":{"line":20,"column":10},"end":{"line":20,"column":21}},"loc":{"start":{"line":20,"column":55},"end":{"line":31,"column":null}},"line":20},"3":{"name":"(anonymous_3)","decl":{"start":{"line":33,"column":10},"end":{"line":33,"column":23}},"loc":{"start":{"line":33,"column":50},"end":{"line":43,"column":null}},"line":33},"4":{"name":"(anonymous_4)","decl":{"start":{"line":45,"column":10},"end":{"line":45,"column":52}},"loc":{"start":{"line":45,"column":52},"end":{"line":56,"column":null}},"line":45},"5":{"name":"(anonymous_5)","decl":{"start":{"line":51,"column":33},"end":{"line":51,"column":39}},"loc":{"start":{"line":51,"column":39},"end":{"line":51,"column":80}},"line":51},"6":{"name":"(anonymous_6)","decl":{"start":{"line":58,"column":10},"end":{"line":58,"column":26}},"loc":{"start":{"line":58,"column":59},"end":{"line":69,"column":null}},"line":58},"7":{"name":"(anonymous_7)","decl":{"start":{"line":71,"column":10},"end":{"line":71,"column":28}},"loc":{"start":{"line":71,"column":55},"end":{"line":81,"column":null}},"line":71}},"branchMap":{"0":{"loc":{"start":{"line":22,"column":12},"end":{"line":24,"column":null}},"type":"if","locations":[{"start":{"line":22,"column":12},"end":{"line":24,"column":null}},{"start":{},"end":{}}],"line":22},"1":{"loc":{"start":{"line":25,"column":23},"end":{"line":25,"column":null}},"type":"binary-expr","locations":[{"start":{"line":25,"column":23},"end":{"line":25,"column":36}},{"start":{"line":25,"column":36},"end":{"line":25,"column":null}}],"line":25},"2":{"loc":{"start":{"line":35,"column":12},"end":{"line":37,"column":null}},"type":"if","locations":[{"start":{"line":35,"column":12},"end":{"line":37,"column":null}},{"start":{},"end":{}}],"line":35},"3":{"loc":{"start":{"line":47,"column":12},"end":{"line":49,"column":null}},"type":"if","locations":[{"start":{"line":47,"column":12},"end":{"line":49,"column":null}},{"start":{},"end":{}}],"line":47},"4":{"loc":{"start":{"line":60,"column":12},"end":{"line":62,"column":null}},"type":"if","locations":[{"start":{"line":60,"column":12},"end":{"line":62,"column":null}},{"start":{},"end":{}}],"line":60},"5":{"loc":{"start":{"line":63,"column":23},"end":{"line":63,"column":null}},"type":"binary-expr","locations":[{"start":{"line":63,"column":23},"end":{"line":63,"column":33}},{"start":{"line":63,"column":33},"end":{"line":63,"column":null}}],"line":63},"6":{"loc":{"start":{"line":73,"column":12},"end":{"line":75,"column":null}},"type":"if","locations":[{"start":{"line":73,"column":12},"end":{"line":75,"column":null}},{"start":{},"end":{}}],"line":73}},"s":{"0":6,"1":2,"2":2,"3":1,"4":1,"5":1,"6":1,"7":3,"8":3,"9":1,"10":2,"11":3,"12":2,"13":2,"14":0,"15":0,"16":0,"17":0,"18":0,"19":0,"20":3,"21":3,"22":1,"23":2,"24":1,"25":0,"26":2,"27":2,"28":0,"29":0,"30":0,"31":0,"32":0,"33":0,"34":0,"35":0,"36":0,"37":0,"38":0,"39":0,"40":0},"f":{"0":2,"1":1,"2":3,"3":0,"4":3,"5":0,"6":0,"7":0},"b":{"0":[1,2],"1":[2,1],"2":[0,0],"3":[1,2],"4":[0,0],"5":[0,0],"6":[0,0]},"meta":{"lastBranch":7,"lastFunction":8,"lastStatement":41,"seen":{"s:9:26:82:Infinity":0,"f:10:10:10:48":0,"s:11:8:17:Infinity":1,"s:12:25:12:Infinity":2,"s:13:12:13:Infinity":3,"f:13:33:13:39":1,"s:13:39:13:78":4,"s:15:12:15:Infinity":5,"s:16:12:16:Infinity":6,"f:20:10:20:21":2,"s:21:8:30:Infinity":7,"b:22:12:24:Infinity:undefined:undefined:undefined:undefined":0,"s:22:12:24:Infinity":8,"s:23:16:23:Infinity":9,"s:25:23:25:Infinity":10,"b:25:23:25:36:25:36:25:Infinity":1,"s:26:12:26:Infinity":11,"s:28:12:28:Infinity":12,"s:29:12:29:Infinity":13,"f:33:10:33:23":3,"s:34:8:42:Infinity":14,"b:35:12:37:Infinity:undefined:undefined:undefined:undefined":2,"s:35:12:37:Infinity":15,"s:36:16:36:Infinity":16,"s:38:12:38:Infinity":17,"s:40:12:40:Infinity":18,"s:41:12:41:Infinity":19,"f:45:10:45:52":4,"s:46:8:55:Infinity":20,"b:47:12:49:Infinity:undefined:undefined:undefined:undefined":3,"s:47:12:49:Infinity":21,"s:48:16:48:Infinity":22,"s:50:25:50:Infinity":23,"s:51:12:51:Infinity":24,"f:51:33:51:39":5,"s:51:39:51:80":25,"s:53:12:53:Infinity":26,"s:54:12:54:Infinity":27,"f:58:10:58:26":6,"s:59:8:68:Infinity":28,"b:60:12:62:Infinity:undefined:undefined:undefined:undefined":4,"s:60:12:62:Infinity":29,"s:61:16:61:Infinity":30,"s:63:23:63:Infinity":31,"b:63:23:63:33:63:33:63:Infinity":5,"s:64:12:64:Infinity":32,"s:66:12:66:Infinity":33,"s:67:12:67:Infinity":34,"f:71:10:71:28":7,"s:72:8:80:Infinity":35,"b:73:12:75:Infinity:undefined:undefined:undefined:undefined":6,"s:73:12:75:Infinity":36,"s:74:16:74:Infinity":37,"s:76:12:76:Infinity":38,"s:78:12:78:Infinity":39,"s:79:12:79:Infinity":40}}}
,"/home/Yas/Desktop/PAW/WEB/funzionante to-enhance-paw-print_-pet-finder-ai/src/utils/adminUtils.ts": {"path":"/home/Yas/Desktop/PAW/WEB/funzionante to-enhance-paw-print_-pet-finder-ai/src/utils/adminUtils.ts","statementMap":{"0":{"start":{"line":17,"column":31},"end":{"line":34,"column":null}},"1":{"start":{"line":18,"column":16},"end":{"line":18,"column":null}},"2":{"start":{"line":19,"column":23},"end":{"line":19,"column":null}},"3":{"start":{"line":21,"column":18},"end":{"line":21,"column":null}},"4":{"start":{"line":22,"column":24},"end":{"line":25,"column":null}},"5":{"start":{"line":23,"column":19},"end":{"line":23,"column":null}},"6":{"start":{"line":24,"column":8},"end":{"line":24,"column":null}},"7":{"start":{"line":27,"column":21},"end":{"line":27,"column":null}},"8":{"start":{"line":29,"column":4},"end":{"line":33,"column":null}}},"fnMap":{"0":{"name":"(anonymous_0)","decl":{"start":{"line":17,"column":31},"end":{"line":17,"column":32}},"loc":{"start":{"line":17,"column":64},"end":{"line":34,"column":null}},"line":17},"1":{"name":"(anonymous_1)","decl":{"start":{"line":22,"column":37},"end":{"line":22,"column":45}},"loc":{"start":{"line":22,"column":45},"end":{"line":25,"column":5}},"line":22}},"branchMap":{"0":{"loc":{"start":{"line":23,"column":19},"end":{"line":23,"column":null}},"type":"binary-expr","locations":[{"start":{"line":23,"column":19},"end":{"line":23,"column":36}},{"start":{"line":23,"column":36},"end":{"line":23,"column":54}},{"start":{"line":23,"column":54},"end":{"line":23,"column":null}}],"line":23}},"s":{"0":1,"1":3,"2":3,"3":3,"4":3,"5":5,"6":5,"7":3,"8":3},"f":{"0":3,"1":5},"b":{"0":[5,2,0]},"meta":{"lastBranch":1,"lastFunction":2,"lastStatement":9,"seen":{"s:17:31:34:Infinity":0,"f:17:31:17:32":0,"s:18:16:18:Infinity":1,"s:19:23:19:Infinity":2,"s:21:18:21:Infinity":3,"s:22:24:25:Infinity":4,"f:22:37:22:45":1,"s:23:19:23:Infinity":5,"b:23:19:23:36:23:36:23:54:23:54:23:Infinity":0,"s:24:8:24:Infinity":6,"s:27:21:27:Infinity":7,"s:29:4:33:Infinity":8}}}
,"/home/Yas/Desktop/PAW/WEB/funzionante to-enhance-paw-print_-pet-finder-ai/src/utils/blogUtils.ts": {"path":"/home/Yas/Desktop/PAW/WEB/funzionante to-enhance-paw-print_-pet-finder-ai/src/utils/blogUtils.ts","statementMap":{"0":{"start":{"line":13,"column":36},"end":{"line":21,"column":null}},"1":{"start":{"line":14,"column":4},"end":{"line":14,"column":null}},"2":{"start":{"line":14,"column":43},"end":{"line":14,"column":null}},"3":{"start":{"line":16,"column":27},"end":{"line":16,"column":null}},"4":{"start":{"line":17,"column":18},"end":{"line":17,"column":null}},"5":{"start":{"line":18,"column":17},"end":{"line":18,"column":null}},"6":{"start":{"line":20,"column":4},"end":{"line":20,"column":null}}},"fnMap":{"0":{"name":"(anonymous_0)","decl":{"start":{"line":13,"column":36},"end":{"line":13,"column":37}},"loc":{"start":{"line":13,"column":74},"end":{"line":21,"column":null}},"line":13}},"branchMap":{"0":{"loc":{"start":{"line":14,"column":4},"end":{"line":14,"column":null}},"type":"if","locations":[{"start":{"line":14,"column":4},"end":{"line":14,"column":null}},{"start":{},"end":{}}],"line":14},"1":{"loc":{"start":{"line":14,"column":8},"end":{"line":14,"column":43}},"type":"binary-expr","locations":[{"start":{"line":14,"column":8},"end":{"line":14,"column":17}},{"start":{"line":14,"column":17},"end":{"line":14,"column":43}}],"line":14},"2":{"loc":{"start":{"line":20,"column":11},"end":{"line":20,"column":null}},"type":"binary-expr","locations":[{"start":{"line":20,"column":11},"end":{"line":20,"column":19}},{"start":{"line":20,"column":19},"end":{"line":20,"column":null}}],"line":20}},"s":{"0":6,"1":5,"2":2,"3":3,"4":3,"5":3,"6":3},"f":{"0":5},"b":{"0":[2,3],"1":[5,3],"2":[3,0]},"meta":{"lastBranch":3,"lastFunction":1,"lastStatement":7,"seen":{"s:13:36:21:Infinity":0,"f:13:36:13:37":0,"b:14:4:14:Infinity:undefined:undefined:undefined:undefined":0,"s:14:4:14:Infinity":1,"b:14:8:14:17:14:17:14:43":1,"s:14:43:14:Infinity":2,"s:16:27:16:Infinity":3,"s:17:18:17:Infinity":4,"s:18:17:18:Infinity":5,"s:20:4:20:Infinity":6,"b:20:11:20:19:20:19:20:Infinity":2}}}
,"/home/Yas/Desktop/PAW/WEB/funzionante to-enhance-paw-print_-pet-finder-ai/src/utils/particleGenerators.ts": {"path":"/home/Yas/Desktop/PAW/WEB/funzionante to-enhance-paw-print_-pet-finder-ai/src/utils/particleGenerators.ts","statementMap":{"0":{"start":{"line":4,"column":30},"end":{"line":6,"column":null}},"1":{"start":{"line":5,"column":2},"end":{"line":5,"column":null}},"2":{"start":{"line":8,"column":29},"end":{"line":19,"column":null}},"3":{"start":{"line":9,"column":16},"end":{"line":9,"column":null}},"4":{"start":{"line":10,"column":2},"end":{"line":17,"column":null}},"5":{"start":{"line":10,"column":15},"end":{"line":10,"column":18}},"6":{"start":{"line":11,"column":15},"end":{"line":11,"column":null}},"7":{"start":{"line":12,"column":14},"end":{"line":12,"column":null}},"8":{"start":{"line":13,"column":17},"end":{"line":13,"column":null}},"9":{"start":{"line":14,"column":4},"end":{"line":14,"column":null}},"10":{"start":{"line":15,"column":4},"end":{"line":15,"column":null}},"11":{"start":{"line":16,"column":4},"end":{"line":16,"column":null}},"12":{"start":{"line":18,"column":2},"end":{"line":18,"column":null}},"13":{"start":{"line":21,"column":27},"end":{"line":51,"column":null}},"14":{"start":{"line":22,"column":14},"end":{"line":22,"column":null}},"15":{"start":{"line":23,"column":19},"end":{"line":29,"column":null}},"16":{"start":{"line":31,"column":24},"end":{"line":31,"column":null}},"17":{"start":{"line":32,"column":2},"end":{"line":43,"column":null}},"18":{"start":{"line":33,"column":25},"end":{"line":33,"column":null}},"19":{"start":{"line":34,"column":19},"end":{"line":34,"column":null}},"20":{"start":{"line":35,"column":4},"end":{"line":42,"column":null}},"21":{"start":{"line":35,"column":17},"end":{"line":35,"column":20}},"22":{"start":{"line":36,"column":6},"end":{"line":41,"column":null}},"23":{"start":{"line":37,"column":8},"end":{"line":37,"column":null}},"24":{"start":{"line":38,"column":8},"end":{"line":38,"column":null}},"25":{"start":{"line":39,"column":8},"end":{"line":39,"column":null}},"26":{"start":{"line":40,"column":8},"end":{"line":40,"column":null}},"27":{"start":{"line":45,"column":2},"end":{"line":49,"column":null}},"28":{"start":{"line":45,"column":15},"end":{"line":45,"column":32}},"29":{"start":{"line":46,"column":4},"end":{"line":46,"column":null}},"30":{"start":{"line":47,"column":4},"end":{"line":47,"column":null}},"31":{"start":{"line":48,"column":4},"end":{"line":48,"column":null}},"32":{"start":{"line":50,"column":2},"end":{"line":50,"column":null}}},"fnMap":{"0":{"name":"(anonymous_0)","decl":{"start":{"line":4,"column":30},"end":{"line":4,"column":31}},"loc":{"start":{"line":4,"column":49},"end":{"line":6,"column":null}},"line":4},"1":{"name":"(anonymous_1)","decl":{"start":{"line":8,"column":29},"end":{"line":8,"column":30}},"loc":{"start":{"line":8,"column":48},"end":{"line":19,"column":null}},"line":8},"2":{"name":"(anonymous_2)","decl":{"start":{"line":21,"column":27},"end":{"line":21,"column":28}},"loc":{"start":{"line":21,"column":46},"end":{"line":51,"column":null}},"line":21},"3":{"name":"(anonymous_3)","decl":{"start":{"line":32,"column":19},"end":{"line":32,"column":30}},"loc":{"start":{"line":32,"column":30},"end":{"line":43,"column":3}},"line":32}},"branchMap":{"0":{"loc":{"start":{"line":13,"column":17},"end":{"line":13,"column":null}},"type":"cond-expr","locations":[{"start":{"line":13,"column":31},"end":{"line":13,"column":35}},{"start":{"line":13,"column":35},"end":{"line":13,"column":null}}],"line":13},"1":{"loc":{"start":{"line":36,"column":6},"end":{"line":41,"column":null}},"type":"if","locations":[{"start":{"line":36,"column":6},"end":{"line":41,"column":null}},{"start":{},"end":{}}],"line":36}},"s":{"0":3,"1":5,"2":3,"3":5,"4":5,"5":5,"6":15200,"7":15200,"8":15200,"9":15200,"10":15200,"11":15200,"12":5,"13":3,"14":5,"15":5,"16":5,"17":5,"18":25,"19":25,"20":25,"21":25,"22":15600,"23":15600,"24":15600,"25":15600,"26":15600,"27":5,"28":5,"29":0,"30":0,"31":0,"32":5},"f":{"0":5,"1":5,"2":5,"3":25},"b":{"0":[7600,7600],"1":[15600,0]},"meta":{"lastBranch":2,"lastFunction":4,"lastStatement":33,"seen":{"s:4:30:6:Infinity":0,"f:4:30:4:31":0,"s:5:2:5:Infinity":1,"s:8:29:19:Infinity":2,"f:8:29:8:30":1,"s:9:16:9:Infinity":3,"s:10:2:17:Infinity":4,"s:10:15:10:18":5,"s:11:15:11:Infinity":6,"s:12:14:12:Infinity":7,"s:13:17:13:Infinity":8,"b:13:31:13:35:13:35:13:Infinity":0,"s:14:4:14:Infinity":9,"s:15:4:15:Infinity":10,"s:16:4:16:Infinity":11,"s:18:2:18:Infinity":12,"s:21:27:51:Infinity":13,"f:21:27:21:28":2,"s:22:14:22:Infinity":14,"s:23:19:29:Infinity":15,"s:31:24:31:Infinity":16,"s:32:2:43:Infinity":17,"f:32:19:32:30":3,"s:33:25:33:Infinity":18,"s:34:19:34:Infinity":19,"s:35:4:42:Infinity":20,"s:35:17:35:20":21,"b:36:6:41:Infinity:undefined:undefined:undefined:undefined":1,"s:36:6:41:Infinity":22,"s:37:8:37:Infinity":23,"s:38:8:38:Infinity":24,"s:39:8:39:Infinity":25,"s:40:8:40:Infinity":26,"s:45:2:49:Infinity":27,"s:45:15:45:32":28,"s:46:4:46:Infinity":29,"s:47:4:47:Infinity":30,"s:48:4:48:Infinity":31,"s:50:2:50:Infinity":32}}}
,"/home/Yas/Desktop/PAW/WEB/funzionante to-enhance-paw-print_-pet-finder-ai/src/utils/templateUtils.ts": {"path":"/home/Yas/Desktop/PAW/WEB/funzionante to-enhance-paw-print_-pet-finder-ai/src/utils/templateUtils.ts","statementMap":{"0":{"start":{"line":8,"column":39},"end":{"line":10,"column":null}},"1":{"start":{"line":9,"column":4},"end":{"line":9,"column":null}}},"fnMap":{"0":{"name":"(anonymous_0)","decl":{"start":{"line":8,"column":39},"end":{"line":8,"column":40}},"loc":{"start":{"line":8,"column":86},"end":{"line":10,"column":null}},"line":8}},"branchMap":{},"s":{"0":3,"1":3},"f":{"0":3},"b":{},"meta":{"lastBranch":0,"lastFunction":1,"lastStatement":2,"seen":{"s:8:39:10:Infinity":0,"f:8:39:8:40":0,"s:9:4:9:Infinity":1}}}
,"/home/Yas/Desktop/PAW/WEB/funzionante to-enhance-paw-print_-pet-finder-ai/src/utils/theme.ts": {"path":"/home/Yas/Desktop/PAW/WEB/funzionante to-enhance-paw-print_-pet-finder-ai/src/utils/theme.ts","statementMap":{"0":{"start":{"line":52,"column":31},"end":{"line":106,"column":null}},"1":{"start":{"line":53,"column":21},"end":{"line":53,"column":null}},"2":{"start":{"line":63,"column":2},"end":{"line":105,"column":null}},"3":{"start":{"line":108,"column":29},"end":{"line":116,"column":null}},"4":{"start":{"line":109,"column":8},"end":{"line":109,"column":null}},"5":{"start":{"line":110,"column":8},"end":{"line":110,"column":null}},"6":{"start":{"line":112,"column":2},"end":{"line":115,"column":null}}},"fnMap":{"0":{"name":"(anonymous_0)","decl":{"start":{"line":52,"column":31},"end":{"line":52,"column":32}},"loc":{"start":{"line":52,"column":61},"end":{"line":106,"column":null}},"line":52},"1":{"name":"(anonymous_1)","decl":{"start":{"line":108,"column":29},"end":{"line":108,"column":30}},"loc":{"start":{"line":108,"column":65},"end":{"line":116,"column":null}},"line":108}},"branchMap":{"0":{"loc":{"start":{"line":98,"column":16},"end":{"line":98,"column":null}},"type":"cond-expr","locations":[{"start":{"line":98,"column":23},"end":{"line":98,"column":69}},{"start":{"line":98,"column":65},"end":{"line":98,"column":null}}],"line":98},"1":{"loc":{"start":{"line":99,"column":19},"end":{"line":99,"column":null}},"type":"cond-expr","locations":[{"start":{"line":99,"column":26},"end":{"line":99,"column":78}},{"start":{"line":99,"column":74},"end":{"line":99,"column":null}}],"line":99},"2":{"loc":{"start":{"line":100,"column":28},"end":{"line":100,"column":null}},"type":"cond-expr","locations":[{"start":{"line":100,"column":35},"end":{"line":100,"column":105}},{"start":{"line":100,"column":101},"end":{"line":100,"column":null}}],"line":100},"3":{"loc":{"start":{"line":101,"column":25},"end":{"line":101,"column":null}},"type":"cond-expr","locations":[{"start":{"line":101,"column":32},"end":{"line":101,"column":96}},{"start":{"line":101,"column":92},"end":{"line":101,"column":null}}],"line":101},"4":{"loc":{"start":{"line":102,"column":22},"end":{"line":102,"column":null}},"type":"cond-expr","locations":[{"start":{"line":102,"column":29},"end":{"line":102,"column":87}},{"start":{"line":102,"column":83},"end":{"line":102,"column":null}}],"line":102},"5":{"loc":{"start":{"line":103,"column":26},"end":{"line":103,"column":null}},"type":"cond-expr","locations":[{"start":{"line":103,"column":33},"end":{"line":103,"column":99}},{"start":{"line":103,"column":95},"end":{"line":103,"column":null}}],"line":103},"6":{"loc":{"start":{"line":104,"column":29},"end":{"line":104,"column":null}},"type":"cond-expr","locations":[{"start":{"line":104,"column":36},"end":{"line":104,"column":108}},{"start":{"line":104,"column":104},"end":{"line":104,"column":null}}],"line":104}},"s":{"0":4,"1":20,"2":20,"3":4,"4":10,"5":10,"6":10},"f":{"0":20,"1":10},"b":{"0":[0,20],"1":[0,20],"2":[0,20],"3":[0,20],"4":[0,20],"5":[0,20],"6":[0,20]},"meta":{"lastBranch":7,"lastFunction":2,"lastStatement":7,"seen":{"s:52:31:106:Infinity":0,"f:52:31:52:32":0,"s:53:21:53:Infinity":1,"s:63:2:105:Infinity":2,"b:98:23:98:69:98:65:98:Infinity":0,"b:99:26:99:78:99:74:99:Infinity":1,"b:100:35:100:105:100:101:100:Infinity":2,"b:101:32:101:96:101:92:101:Infinity":3,"b:102:29:102:87:102:83:102:Infinity":4,"b:103:33:103:99:103:95:103:Infinity":5,"b:104:36:104:108:104:104:104:Infinity":6,"s:108:29:116:Infinity":3,"f:108:29:108:30":1,"s:109:8:109:Infinity":4,"s:110:8:110:Infinity":5,"s:112:2:115:Infinity":6}}}
}
