{"/home/Yas/Desktop/PAW/WEB/funzionante to-enhance-paw-print_-pet-finder-ai/services/authService.ts": {"path":"/home/Yas/Desktop/PAW/WEB/funzionante to-enhance-paw-print_-pet-finder-ai/services/authService.ts","statementMap":{"0":{"start":{"line":15,"column":27},"end":{"line":188,"column":null}},"1":{"start":{"line":17,"column":8},"end":{"line":23,"column":null}},"2":{"start":{"line":18,"column":12},"end":{"line":18,"column":null}},"3":{"start":{"line":20,"column":12},"end":{"line":20,"column":null}},"4":{"start":{"line":22,"column":12},"end":{"line":22,"column":null}},"5":{"start":{"line":27,"column":8},"end":{"line":33,"column":null}},"6":{"start":{"line":28,"column":12},"end":{"line":28,"column":null}},"7":{"start":{"line":30,"column":12},"end":{"line":30,"column":null}},"8":{"start":{"line":32,"column":12},"end":{"line":32,"column":null}},"9":{"start":{"line":37,"column":8},"end":{"line":43,"column":null}},"10":{"start":{"line":38,"column":12},"end":{"line":38,"column":null}},"11":{"start":{"line":40,"column":12},"end":{"line":40,"column":null}},"12":{"start":{"line":42,"column":12},"end":{"line":42,"column":null}},"13":{"start":{"line":47,"column":8},"end":{"line":53,"column":null}},"14":{"start":{"line":48,"column":12},"end":{"line":48,"column":null}},"15":{"start":{"line":50,"column":12},"end":{"line":50,"column":null}},"16":{"start":{"line":52,"column":12},"end":{"line":52,"column":null}},"17":{"start":{"line":57,"column":8},"end":{"line":78,"column":null}},"18":{"start":{"line":58,"column":35},"end":{"line":58,"column":null}},"19":{"start":{"line":59,"column":25},"end":{"line":59,"column":null}},"20":{"start":{"line":60,"column":34},"end":{"line":72,"column":null}},"21":{"start":{"line":73,"column":12},"end":{"line":73,"column":null}},"22":{"start":{"line":75,"column":12},"end":{"line":75,"column":null}},"23":{"start":{"line":77,"column":12},"end":{"line":77,"column":null}},"24":{"start":{"line":82,"column":8},"end":{"line":122,"column":null}},"25":{"start":{"line":83,"column":12},"end":{"line":95,"column":null}},"26":{"start":{"line":84,"column":16},"end":{"line":94,"column":null}},"27":{"start":{"line":97,"column":18},"end":{"line":97,"column":null}},"28":{"start":{"line":98,"column":25},"end":{"line":98,"column":null}},"29":{"start":{"line":99,"column":12},"end":{"line":117,"column":null}},"30":{"start":{"line":100,"column":29},"end":{"line":100,"column":null}},"31":{"start":{"line":101,"column":16},"end":{"line":101,"column":null}},"32":{"start":{"line":102,"column":16},"end":{"line":102,"column":null}},"33":{"start":{"line":104,"column":38},"end":{"line":114,"column":null}},"34":{"start":{"line":115,"column":16},"end":{"line":115,"column":null}},"35":{"start":{"line":116,"column":16},"end":{"line":116,"column":null}},"36":{"start":{"line":119,"column":12},"end":{"line":119,"column":null}},"37":{"start":{"line":121,"column":12},"end":{"line":121,"column":null}},"38":{"start":{"line":126,"column":8},"end":{"line":152,"column":null}},"39":{"start":{"line":127,"column":30},"end":{"line":127,"column":null}},"40":{"start":{"line":128,"column":31},"end":{"line":128,"column":null}},"41":{"start":{"line":129,"column":30},"end":{"line":129,"column":null}},"42":{"start":{"line":130,"column":28},"end":{"line":130,"column":null}},"43":{"start":{"line":130,"column":47},"end":{"line":130,"column":78}},"44":{"start":{"line":132,"column":12},"end":{"line":134,"column":null}},"45":{"start":{"line":133,"column":16},"end":{"line":133,"column":null}},"46":{"start":{"line":136,"column":18},"end":{"line":140,"column":null}},"47":{"start":{"line":141,"column":29},"end":{"line":141,"column":null}},"48":{"start":{"line":143,"column":12},"end":{"line":145,"column":null}},"49":{"start":{"line":144,"column":16},"end":{"line":144,"column":null}},"50":{"start":{"line":147,"column":12},"end":{"line":147,"column":null}},"51":{"start":{"line":149,"column":12},"end":{"line":149,"column":null}},"52":{"start":{"line":151,"column":12},"end":{"line":151,"column":null}},"53":{"start":{"line":156,"column":8},"end":{"line":186,"column":null}},"54":{"start":{"line":157,"column":12},"end":{"line":159,"column":null}},"55":{"start":{"line":158,"column":16},"end":{"line":158,"column":null}},"56":{"start":{"line":161,"column":12},"end":{"line":165,"column":null}},"57":{"start":{"line":167,"column":12},"end":{"line":173,"column":null}},"58":{"start":{"line":168,"column":16},"end":{"line":172,"column":null}},"59":{"start":{"line":175,"column":12},"end":{"line":181,"column":null}},"60":{"start":{"line":183,"column":12},"end":{"line":183,"column":null}},"61":{"start":{"line":185,"column":12},"end":{"line":185,"column":null}}},"fnMap":{"0":{"name":"(anonymous_0)","decl":{"start":{"line":16,"column":10},"end":{"line":16,"column":25}},"loc":{"start":{"line":16,"column":54},"end":{"line":24,"column":null}},"line":16},"1":{"name":"(anonymous_1)","decl":{"start":{"line":26,"column":10},"end":{"line":26,"column":29}},"loc":{"start":{"line":26,"column":29},"end":{"line":34,"column":null}},"line":26},"2":{"name":"(anonymous_2)","decl":{"start":{"line":36,"column":10},"end":{"line":36,"column":24}},"loc":{"start":{"line":36,"column":54},"end":{"line":44,"column":null}},"line":36},"3":{"name":"(anonymous_3)","decl":{"start":{"line":46,"column":10},"end":{"line":46,"column":19}},"loc":{"start":{"line":46,"column":19},"end":{"line":54,"column":null}},"line":46},"4":{"name":"(anonymous_4)","decl":{"start":{"line":56,"column":10},"end":{"line":56,"column":23}},"loc":{"start":{"line":56,"column":125},"end":{"line":79,"column":null}},"line":56},"5":{"name":"(anonymous_5)","decl":{"start":{"line":81,"column":10},"end":{"line":81,"column":26}},"loc":{"start":{"line":81,"column":63},"end":{"line":123,"column":null}},"line":81},"6":{"name":"(anonymous_6)","decl":{"start":{"line":125,"column":10},"end":{"line":125,"column":25}},"loc":{"start":{"line":125,"column":119},"end":{"line":153,"column":null}},"line":125},"7":{"name":"(anonymous_7)","decl":{"start":{"line":130,"column":42},"end":{"line":130,"column":47}},"loc":{"start":{"line":130,"column":47},"end":{"line":130,"column":78}},"line":130},"8":{"name":"(anonymous_8)","decl":{"start":{"line":155,"column":10},"end":{"line":155,"column":26}},"loc":{"start":{"line":155,"column":103},"end":{"line":187,"column":null}},"line":155}},"branchMap":{"0":{"loc":{"start":{"line":56,"column":52},"end":{"line":56,"column":78}},"type":"default-arg","locations":[{"start":{"line":56,"column":69},"end":{"line":56,"column":78}}],"line":56},"1":{"loc":{"start":{"line":66,"column":24},"end":{"line":66,"column":null}},"type":"cond-expr","locations":[{"start":{"line":66,"column":49},"end":{"line":66,"column":59}},{"start":{"line":66,"column":59},"end":{"line":66,"column":null}}],"line":66},"2":{"loc":{"start":{"line":67,"column":24},"end":{"line":67,"column":null}},"type":"cond-expr","locations":[{"start":{"line":67,"column":49},"end":{"line":67,"column":67}},{"start":{"line":67,"column":67},"end":{"line":67,"column":null}}],"line":67},"3":{"loc":{"start":{"line":83,"column":12},"end":{"line":95,"column":null}},"type":"if","locations":[{"start":{"line":83,"column":12},"end":{"line":95,"column":null}},{"start":{},"end":{}}],"line":83},"4":{"loc":{"start":{"line":99,"column":12},"end":{"line":117,"column":null}},"type":"if","locations":[{"start":{"line":99,"column":12},"end":{"line":117,"column":null}},{"start":{"line":103,"column":19},"end":{"line":117,"column":null}}],"line":99},"5":{"loc":{"start":{"line":106,"column":27},"end":{"line":106,"column":null}},"type":"binary-expr","locations":[{"start":{"line":106,"column":27},"end":{"line":106,"column":43}},{"start":{"line":106,"column":43},"end":{"line":106,"column":null}}],"line":106},"6":{"loc":{"start":{"line":132,"column":12},"end":{"line":134,"column":null}},"type":"if","locations":[{"start":{"line":132,"column":12},"end":{"line":134,"column":null}},{"start":{},"end":{}}],"line":132},"7":{"loc":{"start":{"line":143,"column":12},"end":{"line":145,"column":null}},"type":"if","locations":[{"start":{"line":143,"column":12},"end":{"line":145,"column":null}},{"start":{},"end":{}}],"line":143},"8":{"loc":{"start":{"line":157,"column":12},"end":{"line":159,"column":null}},"type":"if","locations":[{"start":{"line":157,"column":12},"end":{"line":159,"column":null}},{"start":{},"end":{}}],"line":157},"9":{"loc":{"start":{"line":167,"column":12},"end":{"line":173,"column":null}},"type":"if","locations":[{"start":{"line":167,"column":12},"end":{"line":173,"column":null}},{"start":{},"end":{}}],"line":167},"10":{"loc":{"start":{"line":167,"column":16},"end":{"line":167,"column":49}},"type":"binary-expr","locations":[{"start":{"line":167,"column":16},"end":{"line":167,"column":39}},{"start":{"line":167,"column":39},"end":{"line":167,"column":49}}],"line":167}},"s":{"0":1,"1":2,"2":2,"3":1,"4":1,"5":2,"6":2,"7":1,"8":1,"9":2,"10":2,"11":1,"12":1,"13":2,"14":2,"15":1,"16":1,"17":2,"18":2,"19":1,"20":1,"21":2,"22":1,"23":1,"24":4,"25":4,"26":1,"27":3,"28":3,"29":2,"30":1,"31":1,"32":1,"33":1,"34":1,"35":1,"36":1,"37":1,"38":4,"39":4,"40":4,"41":4,"42":4,"43":41,"44":4,"45":1,"46":3,"47":3,"48":2,"49":1,"50":1,"51":1,"52":1,"53":4,"54":4,"55":1,"56":3,"57":2,"58":1,"59":2,"60":2,"61":2},"f":{"0":2,"1":2,"2":2,"3":2,"4":2,"5":4,"6":4,"7":41,"8":4},"b":{"0":[2],"1":[0,1],"2":[0,1],"3":[1,3],"4":[1,1],"5":[1,0],"6":[1,3],"7":[1,1],"8":[1,3],"9":[1,1],"10":[2,1]},"meta":{"lastBranch":11,"lastFunction":9,"lastStatement":62,"seen":{"s:15:27:188:Infinity":0,"f:16:10:16:25":0,"s:17:8:23:Infinity":1,"s:18:12:18:Infinity":2,"s:20:12:20:Infinity":3,"s:22:12:22:Infinity":4,"f:26:10:26:29":1,"s:27:8:33:Infinity":5,"s:28:12:28:Infinity":6,"s:30:12:30:Infinity":7,"s:32:12:32:Infinity":8,"f:36:10:36:24":2,"s:37:8:43:Infinity":9,"s:38:12:38:Infinity":10,"s:40:12:40:Infinity":11,"s:42:12:42:Infinity":12,"f:46:10:46:19":3,"s:47:8:53:Infinity":13,"s:48:12:48:Infinity":14,"s:50:12:50:Infinity":15,"s:52:12:52:Infinity":16,"f:56:10:56:23":4,"b:56:69:56:78":0,"s:57:8:78:Infinity":17,"s:58:35:58:Infinity":18,"s:59:25:59:Infinity":19,"s:60:34:72:Infinity":20,"b:66:49:66:59:66:59:66:Infinity":1,"b:67:49:67:67:67:67:67:Infinity":2,"s:73:12:73:Infinity":21,"s:75:12:75:Infinity":22,"s:77:12:77:Infinity":23,"f:81:10:81:26":5,"s:82:8:122:Infinity":24,"b:83:12:95:Infinity:undefined:undefined:undefined:undefined":3,"s:83:12:95:Infinity":25,"s:84:16:94:Infinity":26,"s:97:18:97:Infinity":27,"s:98:25:98:Infinity":28,"b:99:12:117:Infinity:103:19:117:Infinity":4,"s:99:12:117:Infinity":29,"s:100:29:100:Infinity":30,"s:101:16:101:Infinity":31,"s:102:16:102:Infinity":32,"s:104:38:114:Infinity":33,"b:106:27:106:43:106:43:106:Infinity":5,"s:115:16:115:Infinity":34,"s:116:16:116:Infinity":35,"s:119:12:119:Infinity":36,"s:121:12:121:Infinity":37,"f:125:10:125:25":6,"s:126:8:152:Infinity":38,"s:127:30:127:Infinity":39,"s:128:31:128:Infinity":40,"s:129:30:129:Infinity":41,"s:130:28:130:Infinity":42,"f:130:42:130:47":7,"s:130:47:130:78":43,"b:132:12:134:Infinity:undefined:undefined:undefined:undefined":6,"s:132:12:134:Infinity":44,"s:133:16:133:Infinity":45,"s:136:18:140:Infinity":46,"s:141:29:141:Infinity":47,"b:143:12:145:Infinity:undefined:undefined:undefined:undefined":7,"s:143:12:145:Infinity":48,"s:144:16:144:Infinity":49,"s:147:12:147:Infinity":50,"s:149:12:149:Infinity":51,"s:151:12:151:Infinity":52,"f:155:10:155:26":8,"s:156:8:186:Infinity":53,"b:157:12:159:Infinity:undefined:undefined:undefined:undefined":8,"s:157:12:159:Infinity":54,"s:158:16:158:Infinity":55,"s:161:12:165:Infinity":56,"b:167:12:173:Infinity:undefined:undefined:undefined:undefined":9,"s:167:12:173:Infinity":57,"b:167:16:167:39:167:39:167:49":10,"s:168:16:172:Infinity":58,"s:175:12:181:Infinity":59,"s:183:12:183:Infinity":60,"s:185:12:185:Infinity":61}}}
,"/home/Yas/Desktop/PAW/WEB/funzionante to-enhance-paw-print_-pet-finder-ai/services/petService.ts": {"path":"/home/Yas/Desktop/PAW/WEB/funzionante to-enhance-paw-print_-pet-finder-ai/services/petService.ts","statementMap":{"0":{"start":{"line":10,"column":26},"end":{"line":79,"column":null}},"1":{"start":{"line":12,"column":8},"end":{"line":18,"column":null}},"2":{"start":{"line":13,"column":25},"end":{"line":13,"column":null}},"3":{"start":{"line":14,"column":12},"end":{"line":14,"column":null}},"4":{"start":{"line":14,"column":39},"end":{"line":14,"column":79}},"5":{"start":{"line":16,"column":12},"end":{"line":16,"column":null}},"6":{"start":{"line":17,"column":12},"end":{"line":17,"column":null}},"7":{"start":{"line":22,"column":8},"end":{"line":25,"column":null}},"8":{"start":{"line":23,"column":12},"end":{"line":23,"column":null}},"9":{"start":{"line":24,"column":12},"end":{"line":24,"column":null}},"10":{"start":{"line":26,"column":8},"end":{"line":31,"column":null}},"11":{"start":{"line":27,"column":12},"end":{"line":27,"column":null}},"12":{"start":{"line":29,"column":12},"end":{"line":29,"column":null}},"13":{"start":{"line":30,"column":12},"end":{"line":30,"column":null}},"14":{"start":{"line":35,"column":8},"end":{"line":38,"column":null}},"15":{"start":{"line":36,"column":12},"end":{"line":36,"column":null}},"16":{"start":{"line":37,"column":12},"end":{"line":37,"column":null}},"17":{"start":{"line":39,"column":8},"end":{"line":44,"column":null}},"18":{"start":{"line":40,"column":12},"end":{"line":40,"column":null}},"19":{"start":{"line":42,"column":12},"end":{"line":42,"column":null}},"20":{"start":{"line":43,"column":12},"end":{"line":43,"column":null}},"21":{"start":{"line":48,"column":8},"end":{"line":51,"column":null}},"22":{"start":{"line":49,"column":12},"end":{"line":49,"column":null}},"23":{"start":{"line":50,"column":12},"end":{"line":50,"column":null}},"24":{"start":{"line":52,"column":8},"end":{"line":59,"column":null}},"25":{"start":{"line":53,"column":18},"end":{"line":53,"column":null}},"26":{"start":{"line":54,"column":29},"end":{"line":54,"column":null}},"27":{"start":{"line":55,"column":12},"end":{"line":55,"column":null}},"28":{"start":{"line":57,"column":12},"end":{"line":57,"column":null}},"29":{"start":{"line":58,"column":12},"end":{"line":58,"column":null}},"30":{"start":{"line":63,"column":8},"end":{"line":66,"column":null}},"31":{"start":{"line":64,"column":12},"end":{"line":64,"column":null}},"32":{"start":{"line":65,"column":12},"end":{"line":65,"column":null}},"33":{"start":{"line":67,"column":8},"end":{"line":77,"column":null}},"34":{"start":{"line":68,"column":18},"end":{"line":68,"column":null}},"35":{"start":{"line":69,"column":12},"end":{"line":72,"column":null}},"36":{"start":{"line":70,"column":22},"end":{"line":70,"column":null}},"37":{"start":{"line":71,"column":16},"end":{"line":71,"column":null}},"38":{"start":{"line":73,"column":12},"end":{"line":73,"column":null}},"39":{"start":{"line":75,"column":12},"end":{"line":75,"column":null}},"40":{"start":{"line":76,"column":12},"end":{"line":76,"column":null}}},"fnMap":{"0":{"name":"(anonymous_0)","decl":{"start":{"line":11,"column":10},"end":{"line":11,"column":43}},"loc":{"start":{"line":11,"column":43},"end":{"line":19,"column":null}},"line":11},"1":{"name":"(anonymous_1)","decl":{"start":{"line":14,"column":33},"end":{"line":14,"column":39}},"loc":{"start":{"line":14,"column":39},"end":{"line":14,"column":79}},"line":14},"2":{"name":"(anonymous_2)","decl":{"start":{"line":21,"column":10},"end":{"line":21,"column":18}},"loc":{"start":{"line":21,"column":50},"end":{"line":32,"column":null}},"line":21},"3":{"name":"(anonymous_3)","decl":{"start":{"line":34,"column":10},"end":{"line":34,"column":20}},"loc":{"start":{"line":34,"column":47},"end":{"line":45,"column":null}},"line":34},"4":{"name":"(anonymous_4)","decl":{"start":{"line":47,"column":10},"end":{"line":47,"column":25}},"loc":{"start":{"line":47,"column":69},"end":{"line":60,"column":null}},"line":47},"5":{"name":"(anonymous_5)","decl":{"start":{"line":62,"column":10},"end":{"line":62,"column":34}},"loc":{"start":{"line":62,"column":124},"end":{"line":78,"column":null}},"line":62},"6":{"name":"(anonymous_6)","decl":{"start":{"line":69,"column":28},"end":{"line":69,"column":29}},"loc":{"start":{"line":69,"column":66},"end":{"line":72,"column":13}},"line":69}},"branchMap":{"0":{"loc":{"start":{"line":22,"column":8},"end":{"line":25,"column":null}},"type":"if","locations":[{"start":{"line":22,"column":8},"end":{"line":25,"column":null}},{"start":{},"end":{}}],"line":22},"1":{"loc":{"start":{"line":35,"column":8},"end":{"line":38,"column":null}},"type":"if","locations":[{"start":{"line":35,"column":8},"end":{"line":38,"column":null}},{"start":{},"end":{}}],"line":35},"2":{"loc":{"start":{"line":48,"column":8},"end":{"line":51,"column":null}},"type":"if","locations":[{"start":{"line":48,"column":8},"end":{"line":51,"column":null}},{"start":{},"end":{}}],"line":48},"3":{"loc":{"start":{"line":63,"column":8},"end":{"line":66,"column":null}},"type":"if","locations":[{"start":{"line":63,"column":8},"end":{"line":66,"column":null}},{"start":{},"end":{}}],"line":63}},"s":{"0":1,"1":2,"2":2,"3":1,"4":2,"5":1,"6":1,"7":3,"8":1,"9":1,"10":2,"11":2,"12":1,"13":1,"14":3,"15":1,"16":1,"17":2,"18":2,"19":1,"20":1,"21":3,"22":1,"23":1,"24":2,"25":2,"26":2,"27":1,"28":1,"29":1,"30":3,"31":1,"32":1,"33":2,"34":2,"35":2,"36":3,"37":3,"38":2,"39":1,"40":1},"f":{"0":2,"1":2,"2":3,"3":3,"4":3,"5":3,"6":3},"b":{"0":[1,2],"1":[1,2],"2":[1,2],"3":[1,2]},"meta":{"lastBranch":4,"lastFunction":7,"lastStatement":41,"seen":{"s:10:26:79:Infinity":0,"f:11:10:11:43":0,"s:12:8:18:Infinity":1,"s:13:25:13:Infinity":2,"s:14:12:14:Infinity":3,"f:14:33:14:39":1,"s:14:39:14:79":4,"s:16:12:16:Infinity":5,"s:17:12:17:Infinity":6,"f:21:10:21:18":2,"b:22:8:25:Infinity:undefined:undefined:undefined:undefined":0,"s:22:8:25:Infinity":7,"s:23:12:23:Infinity":8,"s:24:12:24:Infinity":9,"s:26:8:31:Infinity":10,"s:27:12:27:Infinity":11,"s:29:12:29:Infinity":12,"s:30:12:30:Infinity":13,"f:34:10:34:20":3,"b:35:8:38:Infinity:undefined:undefined:undefined:undefined":1,"s:35:8:38:Infinity":14,"s:36:12:36:Infinity":15,"s:37:12:37:Infinity":16,"s:39:8:44:Infinity":17,"s:40:12:40:Infinity":18,"s:42:12:42:Infinity":19,"s:43:12:43:Infinity":20,"f:47:10:47:25":4,"b:48:8:51:Infinity:undefined:undefined:undefined:undefined":2,"s:48:8:51:Infinity":21,"s:49:12:49:Infinity":22,"s:50:12:50:Infinity":23,"s:52:8:59:Infinity":24,"s:53:18:53:Infinity":25,"s:54:29:54:Infinity":26,"s:55:12:55:Infinity":27,"s:57:12:57:Infinity":28,"s:58:12:58:Infinity":29,"f:62:10:62:34":5,"b:63:8:66:Infinity:undefined:undefined:undefined:undefined":3,"s:63:8:66:Infinity":30,"s:64:12:64:Infinity":31,"s:65:12:65:Infinity":32,"s:67:8:77:Infinity":33,"s:68:18:68:Infinity":34,"s:69:12:72:Infinity":35,"f:69:28:69:29":6,"s:70:22:70:Infinity":36,"s:71:16:71:Infinity":37,"s:73:12:73:Infinity":38,"s:75:12:75:Infinity":39,"s:76:12:76:Infinity":40}}}
}
